2022-06-16 00:02:54.961 [SpringContextShutdownHook] INFO  o.s.scheduling.concurrent.ThreadPoolTaskExecutor - Shutting down ExecutorService 'applicationTaskExecutor'
2022-06-16 00:02:54.967 [SpringContextShutdownHook] INFO  com.zaxxer.hikari.HikariDataSource - GuliHikariPool - Shutdown initiated...
2022-06-16 00:02:54.976 [SpringContextShutdownHook] INFO  com.zaxxer.hikari.HikariDataSource - GuliHikariPool - Shutdown completed.
2022-06-16 00:03:03.056 [main] INFO  com.atguigu.eduservice.EduApplication - Starting EduApplication on DESKTOP-PS19M4M with PID 30020 (started by LuoKai in D:\Java\项目\谷粒学苑\myCode)
2022-06-16 00:03:03.062 [main] INFO  com.atguigu.eduservice.EduApplication - The following profiles are active: dev
2022-06-16 00:03:04.072 [main] INFO  o.s.d.r.config.RepositoryConfigurationDelegate - Multiple Spring Data modules found, entering strict repository configuration mode!
2022-06-16 00:03:04.075 [main] INFO  o.s.d.r.config.RepositoryConfigurationDelegate - Bootstrapping Spring Data repositories in DEFAULT mode.
2022-06-16 00:03:04.110 [main] INFO  o.s.d.r.config.RepositoryConfigurationDelegate - Finished Spring Data repository scanning in 20ms. Found 0 repository interfaces.
2022-06-16 00:03:04.474 [main] INFO  o.s.c.s.PostProcessorRegistrationDelegate$BeanPostProcessorChecker - Bean 'org.springframework.transaction.annotation.ProxyTransactionManagementConfiguration' of type [org.springframework.transaction.annotation.ProxyTransactionManagementConfiguration] is not eligible for getting processed by all BeanPostProcessors (for example: not eligible for auto-proxying)
2022-06-16 00:03:04.771 [main] INFO  o.s.boot.web.embedded.tomcat.TomcatWebServer - Tomcat initialized with port(s): 8001 (http)
2022-06-16 00:03:04.781 [main] INFO  org.apache.coyote.http11.Http11NioProtocol - Initializing ProtocolHandler ["http-nio-8001"]
2022-06-16 00:03:04.782 [main] INFO  org.apache.catalina.core.StandardService - Starting service [Tomcat]
2022-06-16 00:03:04.782 [main] INFO  org.apache.catalina.core.StandardEngine - Starting Servlet engine: [Apache Tomcat/9.0.27]
2022-06-16 00:03:04.895 [main] INFO  o.a.c.core.ContainerBase.[Tomcat].[localhost].[/] - Initializing Spring embedded WebApplicationContext
2022-06-16 00:03:04.895 [main] INFO  org.springframework.web.context.ContextLoader - Root WebApplicationContext: initialization completed in 1769 ms
2022-06-16 00:03:05.172 [main] INFO  com.zaxxer.hikari.HikariDataSource - GuliHikariPool - Starting...
2022-06-16 00:03:05.565 [main] INFO  com.zaxxer.hikari.HikariDataSource - GuliHikariPool - Start completed.
2022-06-16 00:03:06.333 [main] INFO  s.d.s.w.PropertySourcedRequestMappingHandlerMapping - Mapped URL path [/v2/api-docs] onto method [springfox.documentation.swagger2.web.Swagger2Controller#getDocumentation(String, HttpServletRequest)]
2022-06-16 00:03:06.480 [main] INFO  o.s.scheduling.concurrent.ThreadPoolTaskExecutor - Initializing ExecutorService 'applicationTaskExecutor'
2022-06-16 00:03:07.027 [main] INFO  s.d.s.web.plugins.DocumentationPluginsBootstrapper - Context refreshed
2022-06-16 00:03:07.045 [main] INFO  s.d.s.web.plugins.DocumentationPluginsBootstrapper - Found 1 custom documentation plugin(s)
2022-06-16 00:03:07.086 [main] INFO  s.d.spring.web.scanners.ApiListingReferenceScanner - Scanning for api listing references
2022-06-16 00:03:07.391 [main] INFO  org.apache.coyote.http11.Http11NioProtocol - Starting ProtocolHandler ["http-nio-8001"]
2022-06-16 00:03:07.415 [main] INFO  o.s.boot.web.embedded.tomcat.TomcatWebServer - Tomcat started on port(s): 8001 (http) with context path ''
2022-06-16 00:03:07.418 [main] INFO  com.atguigu.eduservice.EduApplication - Started EduApplication in 5.295 seconds (JVM running for 6.581)
2022-06-16 00:03:09.969 [http-nio-8001-exec-1] INFO  o.a.c.core.ContainerBase.[Tomcat].[localhost].[/] - Initializing Spring DispatcherServlet 'dispatcherServlet'
2022-06-16 00:03:09.970 [http-nio-8001-exec-1] INFO  org.springframework.web.servlet.DispatcherServlet - Initializing Servlet 'dispatcherServlet'
2022-06-16 00:03:09.980 [http-nio-8001-exec-1] INFO  org.springframework.web.servlet.DispatcherServlet - Completed initialization in 10 ms
2022-06-16 00:06:28.576 [SpringContextShutdownHook] INFO  o.s.scheduling.concurrent.ThreadPoolTaskExecutor - Shutting down ExecutorService 'applicationTaskExecutor'
2022-06-16 00:06:28.578 [SpringContextShutdownHook] INFO  com.zaxxer.hikari.HikariDataSource - GuliHikariPool - Shutdown initiated...
2022-06-16 00:06:28.585 [SpringContextShutdownHook] INFO  com.zaxxer.hikari.HikariDataSource - GuliHikariPool - Shutdown completed.
2022-06-16 00:06:36.085 [main] INFO  com.atguigu.eduservice.EduApplication - Starting EduApplication on DESKTOP-PS19M4M with PID 27284 (started by LuoKai in D:\Java\项目\谷粒学苑\myCode)
2022-06-16 00:06:36.090 [main] INFO  com.atguigu.eduservice.EduApplication - The following profiles are active: dev
2022-06-16 00:06:37.160 [main] INFO  o.s.d.r.config.RepositoryConfigurationDelegate - Multiple Spring Data modules found, entering strict repository configuration mode!
2022-06-16 00:06:37.162 [main] INFO  o.s.d.r.config.RepositoryConfigurationDelegate - Bootstrapping Spring Data repositories in DEFAULT mode.
2022-06-16 00:06:37.194 [main] INFO  o.s.d.r.config.RepositoryConfigurationDelegate - Finished Spring Data repository scanning in 12ms. Found 0 repository interfaces.
2022-06-16 00:06:37.531 [main] INFO  o.s.c.s.PostProcessorRegistrationDelegate$BeanPostProcessorChecker - Bean 'org.springframework.transaction.annotation.ProxyTransactionManagementConfiguration' of type [org.springframework.transaction.annotation.ProxyTransactionManagementConfiguration] is not eligible for getting processed by all BeanPostProcessors (for example: not eligible for auto-proxying)
2022-06-16 00:06:37.815 [main] INFO  o.s.boot.web.embedded.tomcat.TomcatWebServer - Tomcat initialized with port(s): 8001 (http)
2022-06-16 00:06:37.825 [main] INFO  org.apache.coyote.http11.Http11NioProtocol - Initializing ProtocolHandler ["http-nio-8001"]
2022-06-16 00:06:37.826 [main] INFO  org.apache.catalina.core.StandardService - Starting service [Tomcat]
2022-06-16 00:06:37.826 [main] INFO  org.apache.catalina.core.StandardEngine - Starting Servlet engine: [Apache Tomcat/9.0.27]
2022-06-16 00:06:37.945 [main] INFO  o.a.c.core.ContainerBase.[Tomcat].[localhost].[/] - Initializing Spring embedded WebApplicationContext
2022-06-16 00:06:37.946 [main] INFO  org.springframework.web.context.ContextLoader - Root WebApplicationContext: initialization completed in 1797 ms
2022-06-16 00:06:38.183 [main] INFO  com.zaxxer.hikari.HikariDataSource - GuliHikariPool - Starting...
2022-06-16 00:06:38.582 [main] INFO  com.zaxxer.hikari.HikariDataSource - GuliHikariPool - Start completed.
2022-06-16 00:06:39.450 [main] INFO  s.d.s.w.PropertySourcedRequestMappingHandlerMapping - Mapped URL path [/v2/api-docs] onto method [springfox.documentation.swagger2.web.Swagger2Controller#getDocumentation(String, HttpServletRequest)]
2022-06-16 00:06:39.568 [main] INFO  o.s.scheduling.concurrent.ThreadPoolTaskExecutor - Initializing ExecutorService 'applicationTaskExecutor'
2022-06-16 00:06:40.128 [main] INFO  s.d.s.web.plugins.DocumentationPluginsBootstrapper - Context refreshed
2022-06-16 00:06:40.148 [main] INFO  s.d.s.web.plugins.DocumentationPluginsBootstrapper - Found 1 custom documentation plugin(s)
2022-06-16 00:06:40.191 [main] INFO  s.d.spring.web.scanners.ApiListingReferenceScanner - Scanning for api listing references
2022-06-16 00:06:40.497 [main] INFO  org.apache.coyote.http11.Http11NioProtocol - Starting ProtocolHandler ["http-nio-8001"]
2022-06-16 00:06:40.521 [main] INFO  o.s.boot.web.embedded.tomcat.TomcatWebServer - Tomcat started on port(s): 8001 (http) with context path ''
2022-06-16 00:06:40.524 [main] INFO  com.atguigu.eduservice.EduApplication - Started EduApplication in 5.233 seconds (JVM running for 6.213)
2022-06-16 00:07:43.941 [http-nio-8001-exec-1] INFO  o.a.c.core.ContainerBase.[Tomcat].[localhost].[/] - Initializing Spring DispatcherServlet 'dispatcherServlet'
2022-06-16 00:07:43.941 [http-nio-8001-exec-1] INFO  org.springframework.web.servlet.DispatcherServlet - Initializing Servlet 'dispatcherServlet'
2022-06-16 00:07:43.954 [http-nio-8001-exec-1] INFO  org.springframework.web.servlet.DispatcherServlet - Completed initialization in 12 ms
2022-06-16 00:13:13.463 [SpringContextShutdownHook] INFO  o.s.scheduling.concurrent.ThreadPoolTaskExecutor - Shutting down ExecutorService 'applicationTaskExecutor'
2022-06-16 00:13:13.466 [SpringContextShutdownHook] INFO  com.zaxxer.hikari.HikariDataSource - GuliHikariPool - Shutdown initiated...
2022-06-16 00:13:20.406 [main] INFO  com.atguigu.eduservice.EduApplication - Starting EduApplication on DESKTOP-PS19M4M with PID 728 (started by LuoKai in D:\Java\项目\谷粒学苑\myCode)
2022-06-16 00:13:20.411 [main] INFO  com.atguigu.eduservice.EduApplication - The following profiles are active: dev
2022-06-16 00:13:21.276 [main] INFO  o.s.d.r.config.RepositoryConfigurationDelegate - Multiple Spring Data modules found, entering strict repository configuration mode!
2022-06-16 00:13:21.284 [main] INFO  o.s.d.r.config.RepositoryConfigurationDelegate - Bootstrapping Spring Data repositories in DEFAULT mode.
2022-06-16 00:13:21.308 [main] INFO  o.s.d.r.config.RepositoryConfigurationDelegate - Finished Spring Data repository scanning in 11ms. Found 0 repository interfaces.
2022-06-16 00:13:21.558 [main] INFO  o.s.c.s.PostProcessorRegistrationDelegate$BeanPostProcessorChecker - Bean 'org.springframework.transaction.annotation.ProxyTransactionManagementConfiguration' of type [org.springframework.transaction.annotation.ProxyTransactionManagementConfiguration] is not eligible for getting processed by all BeanPostProcessors (for example: not eligible for auto-proxying)
2022-06-16 00:13:21.779 [main] INFO  o.s.boot.web.embedded.tomcat.TomcatWebServer - Tomcat initialized with port(s): 8001 (http)
2022-06-16 00:13:21.788 [main] INFO  org.apache.coyote.http11.Http11NioProtocol - Initializing ProtocolHandler ["http-nio-8001"]
2022-06-16 00:13:21.789 [main] INFO  org.apache.catalina.core.StandardService - Starting service [Tomcat]
2022-06-16 00:13:21.789 [main] INFO  org.apache.catalina.core.StandardEngine - Starting Servlet engine: [Apache Tomcat/9.0.27]
2022-06-16 00:13:21.893 [main] INFO  o.a.c.core.ContainerBase.[Tomcat].[localhost].[/] - Initializing Spring embedded WebApplicationContext
2022-06-16 00:13:21.893 [main] INFO  org.springframework.web.context.ContextLoader - Root WebApplicationContext: initialization completed in 1421 ms
2022-06-16 00:13:22.087 [main] INFO  com.zaxxer.hikari.HikariDataSource - GuliHikariPool - Starting...
2022-06-16 00:13:22.452 [main] INFO  com.zaxxer.hikari.HikariDataSource - GuliHikariPool - Start completed.
2022-06-16 00:13:23.038 [main] INFO  s.d.s.w.PropertySourcedRequestMappingHandlerMapping - Mapped URL path [/v2/api-docs] onto method [springfox.documentation.swagger2.web.Swagger2Controller#getDocumentation(String, HttpServletRequest)]
2022-06-16 00:13:23.145 [main] INFO  o.s.scheduling.concurrent.ThreadPoolTaskExecutor - Initializing ExecutorService 'applicationTaskExecutor'
2022-06-16 00:13:23.572 [main] INFO  s.d.s.web.plugins.DocumentationPluginsBootstrapper - Context refreshed
2022-06-16 00:13:23.587 [main] INFO  s.d.s.web.plugins.DocumentationPluginsBootstrapper - Found 1 custom documentation plugin(s)
2022-06-16 00:13:23.619 [main] INFO  s.d.spring.web.scanners.ApiListingReferenceScanner - Scanning for api listing references
2022-06-16 00:13:23.867 [main] INFO  org.apache.coyote.http11.Http11NioProtocol - Starting ProtocolHandler ["http-nio-8001"]
2022-06-16 00:13:23.888 [main] INFO  o.s.boot.web.embedded.tomcat.TomcatWebServer - Tomcat started on port(s): 8001 (http) with context path ''
2022-06-16 00:13:23.891 [main] INFO  com.atguigu.eduservice.EduApplication - Started EduApplication in 4.43 seconds (JVM running for 5.465)
2022-06-16 00:13:35.185 [http-nio-8001-exec-1] INFO  o.a.c.core.ContainerBase.[Tomcat].[localhost].[/] - Initializing Spring DispatcherServlet 'dispatcherServlet'
2022-06-16 00:13:35.185 [http-nio-8001-exec-1] INFO  org.springframework.web.servlet.DispatcherServlet - Initializing Servlet 'dispatcherServlet'
2022-06-16 00:13:35.192 [http-nio-8001-exec-1] INFO  org.springframework.web.servlet.DispatcherServlet - Completed initialization in 6 ms
2022-06-16 00:38:02.594 [SpringContextShutdownHook] INFO  o.s.scheduling.concurrent.ThreadPoolTaskExecutor - Shutting down ExecutorService 'applicationTaskExecutor'
2022-06-16 00:38:02.596 [SpringContextShutdownHook] INFO  com.zaxxer.hikari.HikariDataSource - GuliHikariPool - Shutdown initiated...
2022-06-16 00:38:02.600 [SpringContextShutdownHook] INFO  com.zaxxer.hikari.HikariDataSource - GuliHikariPool - Shutdown completed.
2022-06-16 00:38:11.591 [main] INFO  com.atguigu.eduservice.EduApplication - Starting EduApplication on DESKTOP-PS19M4M with PID 22620 (started by LuoKai in D:\Java\项目\谷粒学苑\myCode)
2022-06-16 00:38:11.595 [main] INFO  com.atguigu.eduservice.EduApplication - The following profiles are active: dev
2022-06-16 00:38:12.690 [main] INFO  o.s.d.r.config.RepositoryConfigurationDelegate - Multiple Spring Data modules found, entering strict repository configuration mode!
2022-06-16 00:38:12.692 [main] INFO  o.s.d.r.config.RepositoryConfigurationDelegate - Bootstrapping Spring Data repositories in DEFAULT mode.
2022-06-16 00:38:12.719 [main] INFO  o.s.d.r.config.RepositoryConfigurationDelegate - Finished Spring Data repository scanning in 11ms. Found 0 repository interfaces.
2022-06-16 00:38:12.984 [main] INFO  o.s.c.s.PostProcessorRegistrationDelegate$BeanPostProcessorChecker - Bean 'org.springframework.transaction.annotation.ProxyTransactionManagementConfiguration' of type [org.springframework.transaction.annotation.ProxyTransactionManagementConfiguration] is not eligible for getting processed by all BeanPostProcessors (for example: not eligible for auto-proxying)
2022-06-16 00:38:13.323 [main] INFO  o.s.boot.web.embedded.tomcat.TomcatWebServer - Tomcat initialized with port(s): 8001 (http)
2022-06-16 00:38:13.332 [main] INFO  org.apache.coyote.http11.Http11NioProtocol - Initializing ProtocolHandler ["http-nio-8001"]
2022-06-16 00:38:13.333 [main] INFO  org.apache.catalina.core.StandardService - Starting service [Tomcat]
2022-06-16 00:38:13.333 [main] INFO  org.apache.catalina.core.StandardEngine - Starting Servlet engine: [Apache Tomcat/9.0.27]
2022-06-16 00:38:13.440 [main] INFO  o.a.c.core.ContainerBase.[Tomcat].[localhost].[/] - Initializing Spring embedded WebApplicationContext
2022-06-16 00:38:13.440 [main] INFO  org.springframework.web.context.ContextLoader - Root WebApplicationContext: initialization completed in 1789 ms
2022-06-16 00:38:13.647 [main] INFO  com.zaxxer.hikari.HikariDataSource - GuliHikariPool - Starting...
2022-06-16 00:38:14.022 [main] INFO  com.zaxxer.hikari.HikariDataSource - GuliHikariPool - Start completed.
2022-06-16 00:38:14.735 [main] INFO  s.d.s.w.PropertySourcedRequestMappingHandlerMapping - Mapped URL path [/v2/api-docs] onto method [springfox.documentation.swagger2.web.Swagger2Controller#getDocumentation(String, HttpServletRequest)]
2022-06-16 00:38:14.917 [main] INFO  o.s.scheduling.concurrent.ThreadPoolTaskExecutor - Initializing ExecutorService 'applicationTaskExecutor'
2022-06-16 00:38:15.741 [main] INFO  s.d.s.web.plugins.DocumentationPluginsBootstrapper - Context refreshed
2022-06-16 00:38:15.762 [main] INFO  s.d.s.web.plugins.DocumentationPluginsBootstrapper - Found 1 custom documentation plugin(s)
2022-06-16 00:38:15.841 [main] INFO  s.d.spring.web.scanners.ApiListingReferenceScanner - Scanning for api listing references
2022-06-16 00:38:16.187 [main] INFO  org.apache.coyote.http11.Http11NioProtocol - Starting ProtocolHandler ["http-nio-8001"]
2022-06-16 00:38:16.209 [main] INFO  o.s.boot.web.embedded.tomcat.TomcatWebServer - Tomcat started on port(s): 8001 (http) with context path ''
2022-06-16 00:38:16.212 [main] INFO  com.atguigu.eduservice.EduApplication - Started EduApplication in 5.346 seconds (JVM running for 6.32)
2022-06-16 00:38:30.648 [http-nio-8001-exec-1] INFO  o.a.c.core.ContainerBase.[Tomcat].[localhost].[/] - Initializing Spring DispatcherServlet 'dispatcherServlet'
2022-06-16 00:38:30.649 [http-nio-8001-exec-1] INFO  org.springframework.web.servlet.DispatcherServlet - Initializing Servlet 'dispatcherServlet'
2022-06-16 00:38:30.658 [http-nio-8001-exec-1] INFO  org.springframework.web.servlet.DispatcherServlet - Completed initialization in 9 ms
2022-06-16 01:41:59.679 [SpringContextShutdownHook] INFO  o.s.scheduling.concurrent.ThreadPoolTaskExecutor - Shutting down ExecutorService 'applicationTaskExecutor'
2022-06-16 01:41:59.682 [SpringContextShutdownHook] INFO  com.zaxxer.hikari.HikariDataSource - GuliHikariPool - Shutdown initiated...
2022-06-16 01:41:59.686 [SpringContextShutdownHook] INFO  com.zaxxer.hikari.HikariDataSource - GuliHikariPool - Shutdown completed.
2022-06-16 01:42:07.471 [main] INFO  com.atguigu.eduservice.EduApplication - Starting EduApplication on DESKTOP-PS19M4M with PID 20208 (started by LuoKai in D:\Java\项目\谷粒学苑\myCode)
2022-06-16 01:42:07.476 [main] INFO  com.atguigu.eduservice.EduApplication - The following profiles are active: dev
2022-06-16 01:42:08.610 [main] INFO  o.s.d.r.config.RepositoryConfigurationDelegate - Multiple Spring Data modules found, entering strict repository configuration mode!
2022-06-16 01:42:08.612 [main] INFO  o.s.d.r.config.RepositoryConfigurationDelegate - Bootstrapping Spring Data repositories in DEFAULT mode.
2022-06-16 01:42:08.637 [main] INFO  o.s.d.r.config.RepositoryConfigurationDelegate - Finished Spring Data repository scanning in 11ms. Found 0 repository interfaces.
2022-06-16 01:42:08.892 [main] INFO  o.s.c.s.PostProcessorRegistrationDelegate$BeanPostProcessorChecker - Bean 'org.springframework.transaction.annotation.ProxyTransactionManagementConfiguration' of type [org.springframework.transaction.annotation.ProxyTransactionManagementConfiguration] is not eligible for getting processed by all BeanPostProcessors (for example: not eligible for auto-proxying)
2022-06-16 01:42:09.220 [main] INFO  o.s.boot.web.embedded.tomcat.TomcatWebServer - Tomcat initialized with port(s): 8001 (http)
2022-06-16 01:42:09.231 [main] INFO  org.apache.coyote.http11.Http11NioProtocol - Initializing ProtocolHandler ["http-nio-8001"]
2022-06-16 01:42:09.232 [main] INFO  org.apache.catalina.core.StandardService - Starting service [Tomcat]
2022-06-16 01:42:09.233 [main] INFO  org.apache.catalina.core.StandardEngine - Starting Servlet engine: [Apache Tomcat/9.0.27]
2022-06-16 01:42:09.360 [main] INFO  o.a.c.core.ContainerBase.[Tomcat].[localhost].[/] - Initializing Spring embedded WebApplicationContext
2022-06-16 01:42:09.361 [main] INFO  org.springframework.web.context.ContextLoader - Root WebApplicationContext: initialization completed in 1838 ms
2022-06-16 01:42:09.600 [main] INFO  com.zaxxer.hikari.HikariDataSource - GuliHikariPool - Starting...
2022-06-16 01:42:09.966 [main] INFO  com.zaxxer.hikari.HikariDataSource - GuliHikariPool - Start completed.
2022-06-16 01:42:10.575 [main] INFO  s.d.s.w.PropertySourcedRequestMappingHandlerMapping - Mapped URL path [/v2/api-docs] onto method [springfox.documentation.swagger2.web.Swagger2Controller#getDocumentation(String, HttpServletRequest)]
2022-06-16 01:42:10.674 [main] INFO  o.s.scheduling.concurrent.ThreadPoolTaskExecutor - Initializing ExecutorService 'applicationTaskExecutor'
2022-06-16 01:42:11.126 [main] INFO  s.d.s.web.plugins.DocumentationPluginsBootstrapper - Context refreshed
2022-06-16 01:42:11.146 [main] INFO  s.d.s.web.plugins.DocumentationPluginsBootstrapper - Found 1 custom documentation plugin(s)
2022-06-16 01:42:11.217 [main] INFO  s.d.spring.web.scanners.ApiListingReferenceScanner - Scanning for api listing references
2022-06-16 01:42:11.487 [main] INFO  org.apache.coyote.http11.Http11NioProtocol - Starting ProtocolHandler ["http-nio-8001"]
2022-06-16 01:42:11.508 [main] INFO  o.s.boot.web.embedded.tomcat.TomcatWebServer - Tomcat started on port(s): 8001 (http) with context path ''
2022-06-16 01:42:11.511 [main] INFO  com.atguigu.eduservice.EduApplication - Started EduApplication in 4.628 seconds (JVM running for 5.452)
2022-06-16 01:42:14.047 [http-nio-8001-exec-1] INFO  o.a.c.core.ContainerBase.[Tomcat].[localhost].[/] - Initializing Spring DispatcherServlet 'dispatcherServlet'
2022-06-16 01:42:14.048 [http-nio-8001-exec-1] INFO  org.springframework.web.servlet.DispatcherServlet - Initializing Servlet 'dispatcherServlet'
2022-06-16 01:42:14.057 [http-nio-8001-exec-1] INFO  org.springframework.web.servlet.DispatcherServlet - Completed initialization in 9 ms
2022-06-16 01:47:27.949 [SpringContextShutdownHook] INFO  o.s.scheduling.concurrent.ThreadPoolTaskExecutor - Shutting down ExecutorService 'applicationTaskExecutor'
2022-06-16 01:47:27.951 [SpringContextShutdownHook] INFO  com.zaxxer.hikari.HikariDataSource - GuliHikariPool - Shutdown initiated...
2022-06-16 01:47:27.955 [SpringContextShutdownHook] INFO  com.zaxxer.hikari.HikariDataSource - GuliHikariPool - Shutdown completed.
2022-06-16 01:47:34.332 [main] INFO  com.atguigu.eduservice.EduApplication - Starting EduApplication on DESKTOP-PS19M4M with PID 12332 (started by LuoKai in D:\Java\项目\谷粒学苑\myCode)
2022-06-16 01:47:34.337 [main] INFO  com.atguigu.eduservice.EduApplication - The following profiles are active: dev
2022-06-16 01:47:35.218 [main] INFO  o.s.d.r.config.RepositoryConfigurationDelegate - Multiple Spring Data modules found, entering strict repository configuration mode!
2022-06-16 01:47:35.221 [main] INFO  o.s.d.r.config.RepositoryConfigurationDelegate - Bootstrapping Spring Data repositories in DEFAULT mode.
2022-06-16 01:47:35.251 [main] INFO  o.s.d.r.config.RepositoryConfigurationDelegate - Finished Spring Data repository scanning in 13ms. Found 0 repository interfaces.
2022-06-16 01:47:35.503 [main] INFO  o.s.c.s.PostProcessorRegistrationDelegate$BeanPostProcessorChecker - Bean 'org.springframework.transaction.annotation.ProxyTransactionManagementConfiguration' of type [org.springframework.transaction.annotation.ProxyTransactionManagementConfiguration] is not eligible for getting processed by all BeanPostProcessors (for example: not eligible for auto-proxying)
2022-06-16 01:47:35.733 [main] INFO  o.s.boot.web.embedded.tomcat.TomcatWebServer - Tomcat initialized with port(s): 8001 (http)
2022-06-16 01:47:35.742 [main] INFO  org.apache.coyote.http11.Http11NioProtocol - Initializing ProtocolHandler ["http-nio-8001"]
2022-06-16 01:47:35.742 [main] INFO  org.apache.catalina.core.StandardService - Starting service [Tomcat]
2022-06-16 01:47:35.742 [main] INFO  org.apache.catalina.core.StandardEngine - Starting Servlet engine: [Apache Tomcat/9.0.27]
2022-06-16 01:47:35.851 [main] INFO  o.a.c.core.ContainerBase.[Tomcat].[localhost].[/] - Initializing Spring embedded WebApplicationContext
2022-06-16 01:47:35.851 [main] INFO  org.springframework.web.context.ContextLoader - Root WebApplicationContext: initialization completed in 1465 ms
2022-06-16 01:47:36.049 [main] INFO  com.zaxxer.hikari.HikariDataSource - GuliHikariPool - Starting...
2022-06-16 01:47:36.412 [main] INFO  com.zaxxer.hikari.HikariDataSource - GuliHikariPool - Start completed.
2022-06-16 01:47:37.011 [main] INFO  s.d.s.w.PropertySourcedRequestMappingHandlerMapping - Mapped URL path [/v2/api-docs] onto method [springfox.documentation.swagger2.web.Swagger2Controller#getDocumentation(String, HttpServletRequest)]
2022-06-16 01:47:37.109 [main] INFO  o.s.scheduling.concurrent.ThreadPoolTaskExecutor - Initializing ExecutorService 'applicationTaskExecutor'
2022-06-16 01:47:37.536 [main] INFO  s.d.s.web.plugins.DocumentationPluginsBootstrapper - Context refreshed
2022-06-16 01:47:37.549 [main] INFO  s.d.s.web.plugins.DocumentationPluginsBootstrapper - Found 1 custom documentation plugin(s)
2022-06-16 01:47:37.582 [main] INFO  s.d.spring.web.scanners.ApiListingReferenceScanner - Scanning for api listing references
2022-06-16 01:47:37.851 [main] INFO  org.apache.coyote.http11.Http11NioProtocol - Starting ProtocolHandler ["http-nio-8001"]
2022-06-16 01:47:37.872 [main] INFO  o.s.boot.web.embedded.tomcat.TomcatWebServer - Tomcat started on port(s): 8001 (http) with context path ''
2022-06-16 01:47:37.874 [main] INFO  com.atguigu.eduservice.EduApplication - Started EduApplication in 4.221 seconds (JVM running for 5.068)
2022-06-16 01:47:42.990 [http-nio-8001-exec-1] INFO  o.a.c.core.ContainerBase.[Tomcat].[localhost].[/] - Initializing Spring DispatcherServlet 'dispatcherServlet'
2022-06-16 01:47:42.990 [http-nio-8001-exec-1] INFO  org.springframework.web.servlet.DispatcherServlet - Initializing Servlet 'dispatcherServlet'
2022-06-16 01:47:42.996 [http-nio-8001-exec-1] INFO  org.springframework.web.servlet.DispatcherServlet - Completed initialization in 6 ms
2022-06-16 02:01:58.635 [SpringContextShutdownHook] INFO  o.s.scheduling.concurrent.ThreadPoolTaskExecutor - Shutting down ExecutorService 'applicationTaskExecutor'
2022-06-16 02:01:58.636 [SpringContextShutdownHook] INFO  com.zaxxer.hikari.HikariDataSource - GuliHikariPool - Shutdown initiated...
2022-06-16 02:01:58.642 [SpringContextShutdownHook] INFO  com.zaxxer.hikari.HikariDataSource - GuliHikariPool - Shutdown completed.
2022-06-16 02:02:06.966 [main] INFO  com.atguigu.eduservice.EduApplication - Starting EduApplication on DESKTOP-PS19M4M with PID 28772 (started by LuoKai in D:\Java\项目\谷粒学苑\myCode)
2022-06-16 02:02:06.969 [main] INFO  com.atguigu.eduservice.EduApplication - The following profiles are active: dev
2022-06-16 02:02:07.809 [main] INFO  o.s.d.r.config.RepositoryConfigurationDelegate - Multiple Spring Data modules found, entering strict repository configuration mode!
2022-06-16 02:02:07.811 [main] INFO  o.s.d.r.config.RepositoryConfigurationDelegate - Bootstrapping Spring Data repositories in DEFAULT mode.
2022-06-16 02:02:07.838 [main] INFO  o.s.d.r.config.RepositoryConfigurationDelegate - Finished Spring Data repository scanning in 11ms. Found 0 repository interfaces.
2022-06-16 02:02:08.102 [main] INFO  o.s.c.s.PostProcessorRegistrationDelegate$BeanPostProcessorChecker - Bean 'org.springframework.transaction.annotation.ProxyTransactionManagementConfiguration' of type [org.springframework.transaction.annotation.ProxyTransactionManagementConfiguration] is not eligible for getting processed by all BeanPostProcessors (for example: not eligible for auto-proxying)
2022-06-16 02:02:08.327 [main] INFO  o.s.boot.web.embedded.tomcat.TomcatWebServer - Tomcat initialized with port(s): 8001 (http)
2022-06-16 02:02:08.337 [main] INFO  org.apache.coyote.http11.Http11NioProtocol - Initializing ProtocolHandler ["http-nio-8001"]
2022-06-16 02:02:08.338 [main] INFO  org.apache.catalina.core.StandardService - Starting service [Tomcat]
2022-06-16 02:02:08.338 [main] INFO  org.apache.catalina.core.StandardEngine - Starting Servlet engine: [Apache Tomcat/9.0.27]
2022-06-16 02:02:08.449 [main] INFO  o.a.c.core.ContainerBase.[Tomcat].[localhost].[/] - Initializing Spring embedded WebApplicationContext
2022-06-16 02:02:08.450 [main] INFO  org.springframework.web.context.ContextLoader - Root WebApplicationContext: initialization completed in 1438 ms
2022-06-16 02:02:08.649 [main] INFO  com.zaxxer.hikari.HikariDataSource - GuliHikariPool - Starting...
2022-06-16 02:02:09.006 [main] INFO  com.zaxxer.hikari.HikariDataSource - GuliHikariPool - Start completed.
2022-06-16 02:02:09.624 [main] INFO  s.d.s.w.PropertySourcedRequestMappingHandlerMapping - Mapped URL path [/v2/api-docs] onto method [springfox.documentation.swagger2.web.Swagger2Controller#getDocumentation(String, HttpServletRequest)]
2022-06-16 02:02:09.725 [main] INFO  o.s.scheduling.concurrent.ThreadPoolTaskExecutor - Initializing ExecutorService 'applicationTaskExecutor'
2022-06-16 02:02:10.150 [main] INFO  s.d.s.web.plugins.DocumentationPluginsBootstrapper - Context refreshed
2022-06-16 02:02:10.164 [main] INFO  s.d.s.web.plugins.DocumentationPluginsBootstrapper - Found 1 custom documentation plugin(s)
2022-06-16 02:02:10.198 [main] INFO  s.d.spring.web.scanners.ApiListingReferenceScanner - Scanning for api listing references
2022-06-16 02:02:10.492 [main] INFO  org.apache.coyote.http11.Http11NioProtocol - Starting ProtocolHandler ["http-nio-8001"]
2022-06-16 02:02:10.514 [main] INFO  o.s.boot.web.embedded.tomcat.TomcatWebServer - Tomcat started on port(s): 8001 (http) with context path ''
2022-06-16 02:02:10.516 [main] INFO  com.atguigu.eduservice.EduApplication - Started EduApplication in 4.251 seconds (JVM running for 5.06)
2022-06-16 02:02:14.604 [http-nio-8001-exec-1] INFO  o.a.c.core.ContainerBase.[Tomcat].[localhost].[/] - Initializing Spring DispatcherServlet 'dispatcherServlet'
2022-06-16 02:02:14.604 [http-nio-8001-exec-1] INFO  org.springframework.web.servlet.DispatcherServlet - Initializing Servlet 'dispatcherServlet'
2022-06-16 02:02:14.617 [http-nio-8001-exec-1] INFO  org.springframework.web.servlet.DispatcherServlet - Completed initialization in 13 ms
2022-06-16 02:33:53.884 [SpringContextShutdownHook] INFO  o.s.scheduling.concurrent.ThreadPoolTaskExecutor - Shutting down ExecutorService 'applicationTaskExecutor'
2022-06-16 02:33:55.678 [SpringContextShutdownHook] INFO  com.zaxxer.hikari.HikariDataSource - GuliHikariPool - Shutdown initiated...
2022-06-16 02:33:55.682 [SpringContextShutdownHook] INFO  com.zaxxer.hikari.HikariDataSource - GuliHikariPool - Shutdown completed.
2022-06-16 15:21:21.276 [main] INFO  com.atguigu.eduservice.EduApplication - Starting EduApplication on DESKTOP-PS19M4M with PID 13996 (D:\Java\Maven\apache-maven-3.6.3\repository\org\springframework\boot\spring-boot-starter-parent\2.2.1.RELEASE\target\classes started by LuoKai in D:\Java\项目\谷粒学苑\myCode)
2022-06-16 15:21:21.285 [main] INFO  com.atguigu.eduservice.EduApplication - The following profiles are active: dev
2022-06-16 15:21:23.726 [main] INFO  o.s.d.r.config.RepositoryConfigurationDelegate - Multiple Spring Data modules found, entering strict repository configuration mode!
2022-06-16 15:21:23.733 [main] INFO  o.s.d.r.config.RepositoryConfigurationDelegate - Bootstrapping Spring Data repositories in DEFAULT mode.
2022-06-16 15:21:23.812 [main] INFO  o.s.d.r.config.RepositoryConfigurationDelegate - Finished Spring Data repository scanning in 36ms. Found 0 repository interfaces.
2022-06-16 15:21:24.517 [main] INFO  o.s.c.s.PostProcessorRegistrationDelegate$BeanPostProcessorChecker - Bean 'org.springframework.transaction.annotation.ProxyTransactionManagementConfiguration' of type [org.springframework.transaction.annotation.ProxyTransactionManagementConfiguration] is not eligible for getting processed by all BeanPostProcessors (for example: not eligible for auto-proxying)
2022-06-16 15:21:24.979 [main] INFO  o.s.boot.web.embedded.tomcat.TomcatWebServer - Tomcat initialized with port(s): 8001 (http)
2022-06-16 15:21:24.993 [main] INFO  org.apache.coyote.http11.Http11NioProtocol - Initializing ProtocolHandler ["http-nio-8001"]
2022-06-16 15:21:24.994 [main] INFO  org.apache.catalina.core.StandardService - Starting service [Tomcat]
2022-06-16 15:21:24.995 [main] INFO  org.apache.catalina.core.StandardEngine - Starting Servlet engine: [Apache Tomcat/9.0.27]
2022-06-16 15:21:25.167 [main] INFO  o.a.c.core.ContainerBase.[Tomcat].[localhost].[/] - Initializing Spring embedded WebApplicationContext
2022-06-16 15:21:25.168 [main] INFO  org.springframework.web.context.ContextLoader - Root WebApplicationContext: initialization completed in 3667 ms
2022-06-16 15:21:25.563 [main] INFO  com.zaxxer.hikari.HikariDataSource - GuliHikariPool - Starting...
2022-06-16 15:21:26.039 [main] INFO  com.zaxxer.hikari.HikariDataSource - GuliHikariPool - Start completed.
2022-06-16 15:21:27.025 [main] INFO  s.d.s.w.PropertySourcedRequestMappingHandlerMapping - Mapped URL path [/v2/api-docs] onto method [springfox.documentation.swagger2.web.Swagger2Controller#getDocumentation(String, HttpServletRequest)]
2022-06-16 15:21:27.211 [main] INFO  o.s.scheduling.concurrent.ThreadPoolTaskExecutor - Initializing ExecutorService 'applicationTaskExecutor'
2022-06-16 15:21:28.153 [main] INFO  s.d.s.web.plugins.DocumentationPluginsBootstrapper - Context refreshed
2022-06-16 15:21:28.195 [main] INFO  s.d.s.web.plugins.DocumentationPluginsBootstrapper - Found 1 custom documentation plugin(s)
2022-06-16 15:21:28.274 [main] INFO  s.d.spring.web.scanners.ApiListingReferenceScanner - Scanning for api listing references
2022-06-16 15:21:28.623 [main] INFO  org.apache.coyote.http11.Http11NioProtocol - Starting ProtocolHandler ["http-nio-8001"]
2022-06-16 15:21:28.658 [main] INFO  o.s.boot.web.embedded.tomcat.TomcatWebServer - Tomcat started on port(s): 8001 (http) with context path ''
2022-06-16 15:21:28.661 [main] INFO  com.atguigu.eduservice.EduApplication - Started EduApplication in 8.298 seconds (JVM running for 9.445)
2022-06-16 15:21:31.797 [main] INFO  com.atguigu.oss.OssApplication - Starting OssApplication on DESKTOP-PS19M4M with PID 1600 (D:\Java\Maven\apache-maven-3.6.3\repository\org\springframework\boot\spring-boot-starter-parent\2.2.1.RELEASE\target\classes started by LuoKai in D:\Java\项目\谷粒学苑\myCode)
2022-06-16 15:21:31.802 [main] INFO  com.atguigu.oss.OssApplication - The following profiles are active: dev
2022-06-16 15:21:32.828 [main] INFO  o.s.d.r.config.RepositoryConfigurationDelegate - Multiple Spring Data modules found, entering strict repository configuration mode!
2022-06-16 15:21:32.831 [main] INFO  o.s.d.r.config.RepositoryConfigurationDelegate - Bootstrapping Spring Data repositories in DEFAULT mode.
2022-06-16 15:21:32.867 [main] INFO  o.s.d.r.config.RepositoryConfigurationDelegate - Finished Spring Data repository scanning in 20ms. Found 0 repository interfaces.
2022-06-16 15:21:33.122 [main] INFO  o.s.c.s.PostProcessorRegistrationDelegate$BeanPostProcessorChecker - Bean 'org.springframework.transaction.annotation.ProxyTransactionManagementConfiguration' of type [org.springframework.transaction.annotation.ProxyTransactionManagementConfiguration] is not eligible for getting processed by all BeanPostProcessors (for example: not eligible for auto-proxying)
2022-06-16 15:21:33.330 [main] INFO  o.s.boot.web.embedded.tomcat.TomcatWebServer - Tomcat initialized with port(s): 8002 (http)
2022-06-16 15:21:33.339 [main] INFO  org.apache.coyote.http11.Http11NioProtocol - Initializing ProtocolHandler ["http-nio-8002"]
2022-06-16 15:21:33.339 [main] INFO  org.apache.catalina.core.StandardService - Starting service [Tomcat]
2022-06-16 15:21:33.340 [main] INFO  org.apache.catalina.core.StandardEngine - Starting Servlet engine: [Apache Tomcat/9.0.27]
2022-06-16 15:21:33.448 [main] INFO  o.a.c.core.ContainerBase.[Tomcat].[localhost].[/] - Initializing Spring embedded WebApplicationContext
2022-06-16 15:21:33.448 [main] INFO  org.springframework.web.context.ContextLoader - Root WebApplicationContext: initialization completed in 1577 ms
2022-06-16 15:21:33.536 [main] INFO  org.apache.catalina.core.StandardService - Stopping service [Tomcat]
2022-06-16 15:21:33.556 [main] INFO  o.s.b.a.l.ConditionEvaluationReportLoggingListener - 

Error starting ApplicationContext. To display the conditions report re-run your application with 'debug' enabled.
2022-06-16 15:23:01.670 [main] INFO  com.atguigu.oss.OssApplication - Starting OssApplication on DESKTOP-PS19M4M with PID 18700 (D:\Java\Maven\apache-maven-3.6.3\repository\org\springframework\boot\spring-boot-starter-parent\2.2.1.RELEASE\target\classes started by LuoKai in D:\Java\项目\谷粒学苑\myCode)
2022-06-16 15:23:01.674 [main] INFO  com.atguigu.oss.OssApplication - The following profiles are active: dev
2022-06-16 15:23:02.470 [main] INFO  o.s.d.r.config.RepositoryConfigurationDelegate - Multiple Spring Data modules found, entering strict repository configuration mode!
2022-06-16 15:23:02.472 [main] INFO  o.s.d.r.config.RepositoryConfigurationDelegate - Bootstrapping Spring Data repositories in DEFAULT mode.
2022-06-16 15:23:02.496 [main] INFO  o.s.d.r.config.RepositoryConfigurationDelegate - Finished Spring Data repository scanning in 12ms. Found 0 repository interfaces.
2022-06-16 15:23:02.721 [main] INFO  o.s.c.s.PostProcessorRegistrationDelegate$BeanPostProcessorChecker - Bean 'org.springframework.transaction.annotation.ProxyTransactionManagementConfiguration' of type [org.springframework.transaction.annotation.ProxyTransactionManagementConfiguration] is not eligible for getting processed by all BeanPostProcessors (for example: not eligible for auto-proxying)
2022-06-16 15:23:02.934 [main] INFO  o.s.boot.web.embedded.tomcat.TomcatWebServer - Tomcat initialized with port(s): 8002 (http)
2022-06-16 15:23:02.943 [main] INFO  org.apache.coyote.http11.Http11NioProtocol - Initializing ProtocolHandler ["http-nio-8002"]
2022-06-16 15:23:02.943 [main] INFO  org.apache.catalina.core.StandardService - Starting service [Tomcat]
2022-06-16 15:23:02.944 [main] INFO  org.apache.catalina.core.StandardEngine - Starting Servlet engine: [Apache Tomcat/9.0.27]
2022-06-16 15:23:03.036 [main] INFO  o.a.c.core.ContainerBase.[Tomcat].[localhost].[/] - Initializing Spring embedded WebApplicationContext
2022-06-16 15:23:03.036 [main] INFO  org.springframework.web.context.ContextLoader - Root WebApplicationContext: initialization completed in 1307 ms
2022-06-16 15:23:03.101 [main] INFO  org.apache.catalina.core.StandardService - Stopping service [Tomcat]
2022-06-16 15:23:03.114 [main] INFO  o.s.b.a.l.ConditionEvaluationReportLoggingListener - 

Error starting ApplicationContext. To display the conditions report re-run your application with 'debug' enabled.
2022-06-16 15:24:43.835 [main] INFO  com.atguigu.oss.OssApplication - Starting OssApplication on DESKTOP-PS19M4M with PID 21284 (D:\Java\Maven\apache-maven-3.6.3\repository\org\springframework\boot\spring-boot-starter-parent\2.2.1.RELEASE\target\classes started by LuoKai in D:\Java\项目\谷粒学苑\myCode)
2022-06-16 15:24:43.842 [main] INFO  com.atguigu.oss.OssApplication - The following profiles are active: dev
2022-06-16 15:24:44.632 [main] INFO  o.s.d.r.config.RepositoryConfigurationDelegate - Multiple Spring Data modules found, entering strict repository configuration mode!
2022-06-16 15:24:44.634 [main] INFO  o.s.d.r.config.RepositoryConfigurationDelegate - Bootstrapping Spring Data repositories in DEFAULT mode.
2022-06-16 15:24:44.658 [main] INFO  o.s.d.r.config.RepositoryConfigurationDelegate - Finished Spring Data repository scanning in 11ms. Found 0 repository interfaces.
2022-06-16 15:24:44.885 [main] INFO  o.s.c.s.PostProcessorRegistrationDelegate$BeanPostProcessorChecker - Bean 'org.springframework.transaction.annotation.ProxyTransactionManagementConfiguration' of type [org.springframework.transaction.annotation.ProxyTransactionManagementConfiguration] is not eligible for getting processed by all BeanPostProcessors (for example: not eligible for auto-proxying)
2022-06-16 15:24:45.088 [main] INFO  o.s.boot.web.embedded.tomcat.TomcatWebServer - Tomcat initialized with port(s): 8002 (http)
2022-06-16 15:24:45.097 [main] INFO  org.apache.coyote.http11.Http11NioProtocol - Initializing ProtocolHandler ["http-nio-8002"]
2022-06-16 15:24:45.098 [main] INFO  org.apache.catalina.core.StandardService - Starting service [Tomcat]
2022-06-16 15:24:45.098 [main] INFO  org.apache.catalina.core.StandardEngine - Starting Servlet engine: [Apache Tomcat/9.0.27]
2022-06-16 15:24:45.190 [main] INFO  o.a.c.core.ContainerBase.[Tomcat].[localhost].[/] - Initializing Spring embedded WebApplicationContext
2022-06-16 15:24:45.191 [main] INFO  org.springframework.web.context.ContextLoader - Root WebApplicationContext: initialization completed in 1296 ms
2022-06-16 15:24:45.267 [main] INFO  org.apache.catalina.core.StandardService - Stopping service [Tomcat]
2022-06-16 15:24:45.281 [main] INFO  o.s.b.a.l.ConditionEvaluationReportLoggingListener - 

Error starting ApplicationContext. To display the conditions report re-run your application with 'debug' enabled.
2022-06-16 15:26:27.281 [main] INFO  com.atguigu.oss.OssApplication - Starting OssApplication on DESKTOP-PS19M4M with PID 19712 (D:\Java\Maven\apache-maven-3.6.3\repository\org\springframework\boot\spring-boot-starter-parent\2.2.1.RELEASE\target\classes started by LuoKai in D:\Java\项目\谷粒学苑\myCode)
2022-06-16 15:26:27.286 [main] INFO  com.atguigu.oss.OssApplication - The following profiles are active: dev
2022-06-16 15:26:28.229 [main] INFO  o.s.d.r.config.RepositoryConfigurationDelegate - Multiple Spring Data modules found, entering strict repository configuration mode!
2022-06-16 15:26:28.231 [main] INFO  o.s.d.r.config.RepositoryConfigurationDelegate - Bootstrapping Spring Data repositories in DEFAULT mode.
2022-06-16 15:26:28.256 [main] INFO  o.s.d.r.config.RepositoryConfigurationDelegate - Finished Spring Data repository scanning in 12ms. Found 0 repository interfaces.
2022-06-16 15:26:28.469 [main] INFO  o.s.c.s.PostProcessorRegistrationDelegate$BeanPostProcessorChecker - Bean 'org.springframework.transaction.annotation.ProxyTransactionManagementConfiguration' of type [org.springframework.transaction.annotation.ProxyTransactionManagementConfiguration] is not eligible for getting processed by all BeanPostProcessors (for example: not eligible for auto-proxying)
2022-06-16 15:26:28.669 [main] INFO  o.s.boot.web.embedded.tomcat.TomcatWebServer - Tomcat initialized with port(s): 8002 (http)
2022-06-16 15:26:28.678 [main] INFO  org.apache.coyote.http11.Http11NioProtocol - Initializing ProtocolHandler ["http-nio-8002"]
2022-06-16 15:26:28.679 [main] INFO  org.apache.catalina.core.StandardService - Starting service [Tomcat]
2022-06-16 15:26:28.679 [main] INFO  org.apache.catalina.core.StandardEngine - Starting Servlet engine: [Apache Tomcat/9.0.27]
2022-06-16 15:26:28.774 [main] INFO  o.a.c.core.ContainerBase.[Tomcat].[localhost].[/] - Initializing Spring embedded WebApplicationContext
2022-06-16 15:26:28.775 [main] INFO  org.springframework.web.context.ContextLoader - Root WebApplicationContext: initialization completed in 1426 ms
2022-06-16 15:26:28.840 [main] INFO  org.apache.catalina.core.StandardService - Stopping service [Tomcat]
2022-06-16 15:26:28.853 [main] INFO  o.s.b.a.l.ConditionEvaluationReportLoggingListener - 

Error starting ApplicationContext. To display the conditions report re-run your application with 'debug' enabled.
2022-06-16 15:29:01.195 [main] INFO  com.atguigu.oss.OssApplication - Starting OssApplication on DESKTOP-PS19M4M with PID 24436 (D:\Java\Maven\apache-maven-3.6.3\repository\org\springframework\boot\spring-boot-starter-parent\2.2.1.RELEASE\target\classes started by LuoKai in D:\Java\项目\谷粒学苑\myCode)
2022-06-16 15:29:01.200 [main] INFO  com.atguigu.oss.OssApplication - The following profiles are active: dev
2022-06-16 15:29:01.976 [main] INFO  o.s.d.r.config.RepositoryConfigurationDelegate - Multiple Spring Data modules found, entering strict repository configuration mode!
2022-06-16 15:29:01.978 [main] INFO  o.s.d.r.config.RepositoryConfigurationDelegate - Bootstrapping Spring Data repositories in DEFAULT mode.
2022-06-16 15:29:02.008 [main] INFO  o.s.d.r.config.RepositoryConfigurationDelegate - Finished Spring Data repository scanning in 10ms. Found 0 repository interfaces.
2022-06-16 15:29:02.226 [main] INFO  o.s.c.s.PostProcessorRegistrationDelegate$BeanPostProcessorChecker - Bean 'org.springframework.transaction.annotation.ProxyTransactionManagementConfiguration' of type [org.springframework.transaction.annotation.ProxyTransactionManagementConfiguration] is not eligible for getting processed by all BeanPostProcessors (for example: not eligible for auto-proxying)
2022-06-16 15:29:02.426 [main] INFO  o.s.boot.web.embedded.tomcat.TomcatWebServer - Tomcat initialized with port(s): 8002 (http)
2022-06-16 15:29:02.437 [main] INFO  org.apache.coyote.http11.Http11NioProtocol - Initializing ProtocolHandler ["http-nio-8002"]
2022-06-16 15:29:02.438 [main] INFO  org.apache.catalina.core.StandardService - Starting service [Tomcat]
2022-06-16 15:29:02.438 [main] INFO  org.apache.catalina.core.StandardEngine - Starting Servlet engine: [Apache Tomcat/9.0.27]
2022-06-16 15:29:02.533 [main] INFO  o.a.c.core.ContainerBase.[Tomcat].[localhost].[/] - Initializing Spring embedded WebApplicationContext
2022-06-16 15:29:02.533 [main] INFO  org.springframework.web.context.ContextLoader - Root WebApplicationContext: initialization completed in 1280 ms
2022-06-16 15:29:02.596 [main] INFO  org.apache.catalina.core.StandardService - Stopping service [Tomcat]
2022-06-16 15:29:02.608 [main] INFO  o.s.b.a.l.ConditionEvaluationReportLoggingListener - 

Error starting ApplicationContext. To display the conditions report re-run your application with 'debug' enabled.
2022-06-16 15:31:46.799 [SpringContextShutdownHook] INFO  o.s.scheduling.concurrent.ThreadPoolTaskExecutor - Shutting down ExecutorService 'applicationTaskExecutor'
2022-06-16 15:31:46.801 [SpringContextShutdownHook] INFO  com.zaxxer.hikari.HikariDataSource - GuliHikariPool - Shutdown initiated...
2022-06-16 15:31:46.807 [SpringContextShutdownHook] INFO  com.zaxxer.hikari.HikariDataSource - GuliHikariPool - Shutdown completed.
2022-06-16 15:32:34.016 [main] INFO  com.atguigu.oss.OssApplication - Starting OssApplication on DESKTOP-PS19M4M with PID 23832 (D:\Java\Maven\apache-maven-3.6.3\repository\org\springframework\boot\spring-boot-starter-parent\2.2.1.RELEASE\target\classes started by LuoKai in D:\Java\项目\谷粒学苑\myCode)
2022-06-16 15:32:34.018 [main] INFO  com.atguigu.oss.OssApplication - The following profiles are active: dev
2022-06-16 15:32:34.811 [main] INFO  o.s.d.r.config.RepositoryConfigurationDelegate - Multiple Spring Data modules found, entering strict repository configuration mode!
2022-06-16 15:32:34.813 [main] INFO  o.s.d.r.config.RepositoryConfigurationDelegate - Bootstrapping Spring Data repositories in DEFAULT mode.
2022-06-16 15:32:34.845 [main] INFO  o.s.d.r.config.RepositoryConfigurationDelegate - Finished Spring Data repository scanning in 19ms. Found 0 repository interfaces.
2022-06-16 15:32:35.082 [main] INFO  o.s.c.s.PostProcessorRegistrationDelegate$BeanPostProcessorChecker - Bean 'org.springframework.transaction.annotation.ProxyTransactionManagementConfiguration' of type [org.springframework.transaction.annotation.ProxyTransactionManagementConfiguration] is not eligible for getting processed by all BeanPostProcessors (for example: not eligible for auto-proxying)
2022-06-16 15:32:35.281 [main] INFO  o.s.boot.web.embedded.tomcat.TomcatWebServer - Tomcat initialized with port(s): 8002 (http)
2022-06-16 15:32:35.290 [main] INFO  org.apache.coyote.http11.Http11NioProtocol - Initializing ProtocolHandler ["http-nio-8002"]
2022-06-16 15:32:35.291 [main] INFO  org.apache.catalina.core.StandardService - Starting service [Tomcat]
2022-06-16 15:32:35.292 [main] INFO  org.apache.catalina.core.StandardEngine - Starting Servlet engine: [Apache Tomcat/9.0.27]
2022-06-16 15:32:35.394 [main] INFO  o.a.c.core.ContainerBase.[Tomcat].[localhost].[/] - Initializing Spring embedded WebApplicationContext
2022-06-16 15:32:35.394 [main] INFO  org.springframework.web.context.ContextLoader - Root WebApplicationContext: initialization completed in 1340 ms
2022-06-16 15:32:35.452 [main] INFO  org.apache.catalina.core.StandardService - Stopping service [Tomcat]
2022-06-16 15:32:35.464 [main] INFO  o.s.b.a.l.ConditionEvaluationReportLoggingListener - 

Error starting ApplicationContext. To display the conditions report re-run your application with 'debug' enabled.
2022-06-16 15:48:25.678 [main] INFO  com.atguigu.eduservice.EduApplication - Starting EduApplication on DESKTOP-PS19M4M with PID 24384 (started by LuoKai in D:\Java\项目\谷粒学苑\myCode)
2022-06-16 15:48:25.681 [main] INFO  com.atguigu.eduservice.EduApplication - The following profiles are active: dev
2022-06-16 15:48:26.431 [main] INFO  o.s.d.r.config.RepositoryConfigurationDelegate - Multiple Spring Data modules found, entering strict repository configuration mode!
2022-06-16 15:48:26.433 [main] INFO  o.s.d.r.config.RepositoryConfigurationDelegate - Bootstrapping Spring Data repositories in DEFAULT mode.
2022-06-16 15:48:26.456 [main] INFO  o.s.d.r.config.RepositoryConfigurationDelegate - Finished Spring Data repository scanning in 10ms. Found 0 repository interfaces.
2022-06-16 15:48:26.682 [main] INFO  o.s.c.s.PostProcessorRegistrationDelegate$BeanPostProcessorChecker - Bean 'org.springframework.transaction.annotation.ProxyTransactionManagementConfiguration' of type [org.springframework.transaction.annotation.ProxyTransactionManagementConfiguration] is not eligible for getting processed by all BeanPostProcessors (for example: not eligible for auto-proxying)
2022-06-16 15:48:26.882 [main] INFO  o.s.boot.web.embedded.tomcat.TomcatWebServer - Tomcat initialized with port(s): 8001 (http)
2022-06-16 15:48:26.891 [main] INFO  org.apache.coyote.http11.Http11NioProtocol - Initializing ProtocolHandler ["http-nio-8001"]
2022-06-16 15:48:26.892 [main] INFO  org.apache.catalina.core.StandardService - Starting service [Tomcat]
2022-06-16 15:48:26.892 [main] INFO  org.apache.catalina.core.StandardEngine - Starting Servlet engine: [Apache Tomcat/9.0.27]
2022-06-16 15:48:26.985 [main] INFO  o.a.c.core.ContainerBase.[Tomcat].[localhost].[/] - Initializing Spring embedded WebApplicationContext
2022-06-16 15:48:26.986 [main] INFO  org.springframework.web.context.ContextLoader - Root WebApplicationContext: initialization completed in 1262 ms
2022-06-16 15:48:27.171 [main] INFO  com.zaxxer.hikari.HikariDataSource - GuliHikariPool - Starting...
2022-06-16 15:48:27.549 [main] INFO  com.zaxxer.hikari.HikariDataSource - GuliHikariPool - Start completed.
2022-06-16 15:48:28.104 [main] INFO  s.d.s.w.PropertySourcedRequestMappingHandlerMapping - Mapped URL path [/v2/api-docs] onto method [springfox.documentation.swagger2.web.Swagger2Controller#getDocumentation(String, HttpServletRequest)]
2022-06-16 15:48:28.200 [main] INFO  o.s.scheduling.concurrent.ThreadPoolTaskExecutor - Initializing ExecutorService 'applicationTaskExecutor'
2022-06-16 15:48:28.583 [main] INFO  s.d.s.web.plugins.DocumentationPluginsBootstrapper - Context refreshed
2022-06-16 15:48:28.595 [main] INFO  s.d.s.web.plugins.DocumentationPluginsBootstrapper - Found 1 custom documentation plugin(s)
2022-06-16 15:48:28.625 [main] INFO  s.d.spring.web.scanners.ApiListingReferenceScanner - Scanning for api listing references
2022-06-16 15:48:28.895 [main] INFO  org.apache.coyote.http11.Http11NioProtocol - Starting ProtocolHandler ["http-nio-8001"]
2022-06-16 15:48:28.916 [main] INFO  o.s.boot.web.embedded.tomcat.TomcatWebServer - Tomcat started on port(s): 8001 (http) with context path ''
2022-06-16 15:48:28.919 [main] INFO  com.atguigu.eduservice.EduApplication - Started EduApplication in 3.824 seconds (JVM running for 4.635)
2022-06-16 15:52:50.388 [SpringContextShutdownHook] INFO  o.s.scheduling.concurrent.ThreadPoolTaskExecutor - Shutting down ExecutorService 'applicationTaskExecutor'
2022-06-16 15:52:50.390 [SpringContextShutdownHook] INFO  com.zaxxer.hikari.HikariDataSource - GuliHikariPool - Shutdown initiated...
2022-06-16 15:52:50.397 [SpringContextShutdownHook] INFO  com.zaxxer.hikari.HikariDataSource - GuliHikariPool - Shutdown completed.
2022-06-16 20:57:56.214 [main] INFO  com.atguigu.eduservice.EduApplication - Starting EduApplication on DESKTOP-PS19M4M with PID 31408 (started by LuoKai in D:\Java\项目\谷粒学苑\myCode)
2022-06-16 20:57:56.235 [main] INFO  com.atguigu.eduservice.EduApplication - The following profiles are active: dev
2022-06-16 20:57:58.216 [main] INFO  o.s.d.r.config.RepositoryConfigurationDelegate - Multiple Spring Data modules found, entering strict repository configuration mode!
2022-06-16 20:57:58.220 [main] INFO  o.s.d.r.config.RepositoryConfigurationDelegate - Bootstrapping Spring Data repositories in DEFAULT mode.
2022-06-16 20:57:58.268 [main] INFO  o.s.d.r.config.RepositoryConfigurationDelegate - Finished Spring Data repository scanning in 29ms. Found 0 repository interfaces.
2022-06-16 20:57:58.741 [main] INFO  o.s.c.s.PostProcessorRegistrationDelegate$BeanPostProcessorChecker - Bean 'org.springframework.transaction.annotation.ProxyTransactionManagementConfiguration' of type [org.springframework.transaction.annotation.ProxyTransactionManagementConfiguration] is not eligible for getting processed by all BeanPostProcessors (for example: not eligible for auto-proxying)
2022-06-16 20:57:59.233 [main] INFO  o.s.boot.web.embedded.tomcat.TomcatWebServer - Tomcat initialized with port(s): 8001 (http)
2022-06-16 20:57:59.243 [main] INFO  org.apache.coyote.http11.Http11NioProtocol - Initializing ProtocolHandler ["http-nio-8001"]
2022-06-16 20:57:59.244 [main] INFO  org.apache.catalina.core.StandardService - Starting service [Tomcat]
2022-06-16 20:57:59.245 [main] INFO  org.apache.catalina.core.StandardEngine - Starting Servlet engine: [Apache Tomcat/9.0.27]
2022-06-16 20:57:59.450 [main] INFO  o.a.c.core.ContainerBase.[Tomcat].[localhost].[/] - Initializing Spring embedded WebApplicationContext
2022-06-16 20:57:59.450 [main] INFO  org.springframework.web.context.ContextLoader - Root WebApplicationContext: initialization completed in 3142 ms
2022-06-16 20:57:59.793 [main] INFO  com.zaxxer.hikari.HikariDataSource - GuliHikariPool - Starting...
2022-06-16 20:58:00.237 [main] INFO  com.zaxxer.hikari.HikariDataSource - GuliHikariPool - Start completed.
2022-06-16 20:58:01.136 [main] INFO  s.d.s.w.PropertySourcedRequestMappingHandlerMapping - Mapped URL path [/v2/api-docs] onto method [springfox.documentation.swagger2.web.Swagger2Controller#getDocumentation(String, HttpServletRequest)]
2022-06-16 20:58:01.291 [main] INFO  o.s.scheduling.concurrent.ThreadPoolTaskExecutor - Initializing ExecutorService 'applicationTaskExecutor'
2022-06-16 20:58:02.063 [main] INFO  s.d.s.web.plugins.DocumentationPluginsBootstrapper - Context refreshed
2022-06-16 20:58:02.094 [main] INFO  s.d.s.web.plugins.DocumentationPluginsBootstrapper - Found 1 custom documentation plugin(s)
2022-06-16 20:58:02.140 [main] INFO  s.d.spring.web.scanners.ApiListingReferenceScanner - Scanning for api listing references
2022-06-16 20:58:02.488 [main] INFO  org.apache.coyote.http11.Http11NioProtocol - Starting ProtocolHandler ["http-nio-8001"]
2022-06-16 20:58:02.520 [main] INFO  o.s.boot.web.embedded.tomcat.TomcatWebServer - Tomcat started on port(s): 8001 (http) with context path ''
2022-06-16 20:58:02.522 [main] INFO  com.atguigu.eduservice.EduApplication - Started EduApplication in 7.21 seconds (JVM running for 10.204)
2022-06-16 21:00:50.036 [http-nio-8001-exec-1] INFO  o.a.c.core.ContainerBase.[Tomcat].[localhost].[/] - Initializing Spring DispatcherServlet 'dispatcherServlet'
2022-06-16 21:00:50.036 [http-nio-8001-exec-1] INFO  org.springframework.web.servlet.DispatcherServlet - Initializing Servlet 'dispatcherServlet'
2022-06-16 21:00:50.044 [http-nio-8001-exec-1] INFO  org.springframework.web.servlet.DispatcherServlet - Completed initialization in 8 ms
2022-06-16 21:59:21.499 [SpringContextShutdownHook] INFO  o.s.scheduling.concurrent.ThreadPoolTaskExecutor - Shutting down ExecutorService 'applicationTaskExecutor'
2022-06-16 21:59:21.501 [SpringContextShutdownHook] INFO  com.zaxxer.hikari.HikariDataSource - GuliHikariPool - Shutdown initiated...
2022-06-16 21:59:21.504 [SpringContextShutdownHook] INFO  com.zaxxer.hikari.HikariDataSource - GuliHikariPool - Shutdown completed.
2022-06-16 22:13:40.268 [main] INFO  com.atguigu.eduservice.EduApplication - Starting EduApplication on DESKTOP-PS19M4M with PID 34488 (started by LuoKai in D:\Java\项目\谷粒学苑\myCode)
2022-06-16 22:13:40.271 [main] INFO  com.atguigu.eduservice.EduApplication - The following profiles are active: dev
2022-06-16 22:13:42.357 [main] INFO  o.s.d.r.config.RepositoryConfigurationDelegate - Multiple Spring Data modules found, entering strict repository configuration mode!
2022-06-16 22:13:42.362 [main] INFO  o.s.d.r.config.RepositoryConfigurationDelegate - Bootstrapping Spring Data repositories in DEFAULT mode.
2022-06-16 22:13:42.397 [main] INFO  o.s.d.r.config.RepositoryConfigurationDelegate - Finished Spring Data repository scanning in 14ms. Found 0 repository interfaces.
2022-06-16 22:13:42.966 [main] INFO  o.s.c.s.PostProcessorRegistrationDelegate$BeanPostProcessorChecker - Bean 'org.springframework.transaction.annotation.ProxyTransactionManagementConfiguration' of type [org.springframework.transaction.annotation.ProxyTransactionManagementConfiguration] is not eligible for getting processed by all BeanPostProcessors (for example: not eligible for auto-proxying)
2022-06-16 22:13:43.372 [main] INFO  o.s.boot.web.embedded.tomcat.TomcatWebServer - Tomcat initialized with port(s): 8001 (http)
2022-06-16 22:13:43.385 [main] INFO  org.apache.coyote.http11.Http11NioProtocol - Initializing ProtocolHandler ["http-nio-8001"]
2022-06-16 22:13:43.386 [main] INFO  org.apache.catalina.core.StandardService - Starting service [Tomcat]
2022-06-16 22:13:43.386 [main] INFO  org.apache.catalina.core.StandardEngine - Starting Servlet engine: [Apache Tomcat/9.0.27]
2022-06-16 22:13:43.521 [main] INFO  o.a.c.core.ContainerBase.[Tomcat].[localhost].[/] - Initializing Spring embedded WebApplicationContext
2022-06-16 22:13:43.522 [main] INFO  org.springframework.web.context.ContextLoader - Root WebApplicationContext: initialization completed in 3168 ms
2022-06-16 22:13:43.900 [main] INFO  com.zaxxer.hikari.HikariDataSource - GuliHikariPool - Starting...
2022-06-16 22:13:44.319 [main] INFO  com.zaxxer.hikari.HikariDataSource - GuliHikariPool - Start completed.
2022-06-16 22:13:45.280 [main] INFO  s.d.s.w.PropertySourcedRequestMappingHandlerMapping - Mapped URL path [/v2/api-docs] onto method [springfox.documentation.swagger2.web.Swagger2Controller#getDocumentation(String, HttpServletRequest)]
2022-06-16 22:13:45.409 [main] INFO  o.s.scheduling.concurrent.ThreadPoolTaskExecutor - Initializing ExecutorService 'applicationTaskExecutor'
2022-06-16 22:13:46.265 [main] INFO  s.d.s.web.plugins.DocumentationPluginsBootstrapper - Context refreshed
2022-06-16 22:13:46.317 [main] INFO  s.d.s.web.plugins.DocumentationPluginsBootstrapper - Found 1 custom documentation plugin(s)
2022-06-16 22:13:46.395 [main] INFO  s.d.spring.web.scanners.ApiListingReferenceScanner - Scanning for api listing references
2022-06-16 22:13:46.777 [main] INFO  org.apache.coyote.http11.Http11NioProtocol - Starting ProtocolHandler ["http-nio-8001"]
2022-06-16 22:13:46.809 [main] INFO  o.s.boot.web.embedded.tomcat.TomcatWebServer - Tomcat started on port(s): 8001 (http) with context path ''
2022-06-16 22:13:46.813 [main] INFO  com.atguigu.eduservice.EduApplication - Started EduApplication in 7.814 seconds (JVM running for 8.936)
2022-06-16 22:13:52.465 [http-nio-8001-exec-1] INFO  o.a.c.core.ContainerBase.[Tomcat].[localhost].[/] - Initializing Spring DispatcherServlet 'dispatcherServlet'
2022-06-16 22:13:52.465 [http-nio-8001-exec-1] INFO  org.springframework.web.servlet.DispatcherServlet - Initializing Servlet 'dispatcherServlet'
2022-06-16 22:13:52.474 [http-nio-8001-exec-1] INFO  org.springframework.web.servlet.DispatcherServlet - Completed initialization in 9 ms
2022-06-16 22:23:11.760 [SpringContextShutdownHook] INFO  o.s.scheduling.concurrent.ThreadPoolTaskExecutor - Shutting down ExecutorService 'applicationTaskExecutor'
2022-06-16 22:23:11.762 [SpringContextShutdownHook] INFO  com.zaxxer.hikari.HikariDataSource - GuliHikariPool - Shutdown initiated...
2022-06-16 22:23:11.767 [SpringContextShutdownHook] INFO  com.zaxxer.hikari.HikariDataSource - GuliHikariPool - Shutdown completed.
