2022-06-21 00:26:18.926 [SpringContextShutdownHook] INFO  o.s.c.alibaba.nacos.registry.NacosServiceRegistry - De-registering from Nacos Server now...
2022-06-21 00:26:18.986 [SpringContextShutdownHook] INFO  o.s.c.alibaba.nacos.registry.NacosServiceRegistry - De-registration finished.
2022-06-21 00:26:18.989 [SpringContextShutdownHook] INFO  o.s.scheduling.concurrent.ThreadPoolTaskExecutor - Shutting down ExecutorService 'applicationTaskExecutor'
2022-06-21 00:26:19.031 [SpringContextShutdownHook] INFO  com.zaxxer.hikari.HikariDataSource - GuliHikariPool - Shutdown initiated...
2022-06-21 00:26:19.034 [SpringContextShutdownHook] INFO  com.zaxxer.hikari.HikariDataSource - GuliHikariPool - Shutdown completed.
2022-06-21 00:26:28.785 [main] INFO  com.atguigu.eduservice.EduApplication - The following profiles are active: dev
2022-06-21 00:26:30.516 [main] INFO  o.s.d.r.config.RepositoryConfigurationDelegate - Multiple Spring Data modules found, entering strict repository configuration mode!
2022-06-21 00:26:30.520 [main] INFO  o.s.d.r.config.RepositoryConfigurationDelegate - Bootstrapping Spring Data repositories in DEFAULT mode.
2022-06-21 00:26:30.607 [main] INFO  o.s.d.r.config.RepositoryConfigurationDelegate - Finished Spring Data repository scanning in 68ms. Found 0 repository interfaces.
2022-06-21 00:26:30.980 [main] INFO  o.springframework.cloud.context.scope.GenericScope - BeanFactory id=44c9838d-029c-3017-b5f4-d926ca83a72b
2022-06-21 00:26:31.129 [main] INFO  o.s.c.s.PostProcessorRegistrationDelegate$BeanPostProcessorChecker - Bean 'redisConfig' of type [com.atguigu.servicebase.config.RedisConfig$$EnhancerBySpringCGLIB$$f86ddaf9] is not eligible for getting processed by all BeanPostProcessors (for example: not eligible for auto-proxying)
2022-06-21 00:26:31.173 [main] INFO  o.s.c.s.PostProcessorRegistrationDelegate$BeanPostProcessorChecker - Bean 'org.springframework.transaction.annotation.ProxyTransactionManagementConfiguration' of type [org.springframework.transaction.annotation.ProxyTransactionManagementConfiguration] is not eligible for getting processed by all BeanPostProcessors (for example: not eligible for auto-proxying)
2022-06-21 00:26:31.245 [main] INFO  o.s.c.s.PostProcessorRegistrationDelegate$BeanPostProcessorChecker - Bean 'org.springframework.cloud.autoconfigure.ConfigurationPropertiesRebinderAutoConfiguration' of type [org.springframework.cloud.autoconfigure.ConfigurationPropertiesRebinderAutoConfiguration] is not eligible for getting processed by all BeanPostProcessors (for example: not eligible for auto-proxying)
2022-06-21 00:26:31.695 [main] INFO  o.s.boot.web.embedded.tomcat.TomcatWebServer - Tomcat initialized with port(s): 8001 (http)
2022-06-21 00:26:31.717 [main] INFO  org.apache.coyote.http11.Http11NioProtocol - Initializing ProtocolHandler ["http-nio-8001"]
2022-06-21 00:26:31.719 [main] INFO  org.apache.catalina.core.StandardService - Starting service [Tomcat]
2022-06-21 00:26:31.720 [main] INFO  org.apache.catalina.core.StandardEngine - Starting Servlet engine: [Apache Tomcat/9.0.27]
2022-06-21 00:26:32.098 [main] INFO  o.a.c.core.ContainerBase.[Tomcat].[localhost].[/] - Initializing Spring embedded WebApplicationContext
2022-06-21 00:26:32.099 [main] INFO  org.springframework.web.context.ContextLoader - Root WebApplicationContext: initialization completed in 3267 ms
2022-06-21 00:26:32.710 [main] INFO  com.zaxxer.hikari.HikariDataSource - GuliHikariPool - Starting...
2022-06-21 00:26:33.248 [main] INFO  com.zaxxer.hikari.HikariDataSource - GuliHikariPool - Start completed.
2022-06-21 00:26:34.851 [main] INFO  s.d.s.w.PropertySourcedRequestMappingHandlerMapping - Mapped URL path [/v2/api-docs] onto method [springfox.documentation.swagger2.web.Swagger2Controller#getDocumentation(String, HttpServletRequest)]
2022-06-21 00:26:34.873 [main] INFO  com.netflix.config.sources.URLConfigurationSource - URLs to be used as dynamic configuration source: [file:/D:/Java/%e9%a1%b9%e7%9b%ae/%e8%b0%b7%e7%b2%92%e5%ad%a6%e8%8b%91/myCode/guli_parent/service/service_edu/target/classes/config.properties]
2022-06-21 00:26:34.885 [main] INFO  com.netflix.config.sources.URLConfigurationSource - URLs to be used as dynamic configuration source: [file:/D:/Java/%e9%a1%b9%e7%9b%ae/%e8%b0%b7%e7%b2%92%e5%ad%a6%e8%8b%91/myCode/guli_parent/service/service_edu/target/classes/config.properties]
2022-06-21 00:26:35.047 [main] INFO  o.s.scheduling.concurrent.ThreadPoolTaskExecutor - Initializing ExecutorService 'applicationTaskExecutor'
2022-06-21 00:26:36.593 [main] INFO  org.springframework.cloud.commons.util.InetUtils - Cannot determine local hostname
2022-06-21 00:26:36.662 [main] INFO  o.s.scheduling.concurrent.ThreadPoolTaskScheduler - Initializing ExecutorService
2022-06-21 00:26:37.972 [main] INFO  org.springframework.cloud.commons.util.InetUtils - Cannot determine local hostname
2022-06-21 00:26:39.231 [main] INFO  org.springframework.cloud.commons.util.InetUtils - Cannot determine local hostname
2022-06-21 00:26:39.352 [main] INFO  s.d.s.web.plugins.DocumentationPluginsBootstrapper - Context refreshed
2022-06-21 00:26:39.371 [main] INFO  s.d.s.web.plugins.DocumentationPluginsBootstrapper - Found 1 custom documentation plugin(s)
2022-06-21 00:26:39.463 [main] INFO  s.d.spring.web.scanners.ApiListingReferenceScanner - Scanning for api listing references
2022-06-21 00:26:39.798 [main] INFO  org.apache.coyote.http11.Http11NioProtocol - Starting ProtocolHandler ["http-nio-8001"]
2022-06-21 00:26:39.823 [main] INFO  o.s.boot.web.embedded.tomcat.TomcatWebServer - Tomcat started on port(s): 8001 (http) with context path ''
2022-06-21 00:26:39.839 [main] INFO  o.s.c.alibaba.nacos.registry.NacosServiceRegistry - nacos registry, service-edu 192.168.13.1:8001 register finished
2022-06-21 00:26:41.080 [main] INFO  org.springframework.cloud.commons.util.InetUtils - Cannot determine local hostname
2022-06-21 00:26:41.082 [main] INFO  com.atguigu.eduservice.EduApplication - Started EduApplication in 17.111 seconds (JVM running for 18.814)
2022-06-21 00:28:02.386 [http-nio-8001-exec-2] INFO  o.a.c.core.ContainerBase.[Tomcat].[localhost].[/] - Initializing Spring DispatcherServlet 'dispatcherServlet'
2022-06-21 00:28:02.388 [http-nio-8001-exec-2] INFO  org.springframework.web.servlet.DispatcherServlet - Initializing Servlet 'dispatcherServlet'
2022-06-21 00:28:02.404 [http-nio-8001-exec-2] INFO  org.springframework.web.servlet.DispatcherServlet - Completed initialization in 16 ms
2022-06-21 02:18:48.037 [SpringContextShutdownHook] INFO  o.s.c.alibaba.nacos.registry.NacosServiceRegistry - De-registering from Nacos Server now...
2022-06-21 02:18:48.040 [SpringContextShutdownHook] INFO  o.s.c.alibaba.nacos.registry.NacosServiceRegistry - De-registration finished.
2022-06-21 02:18:48.041 [SpringContextShutdownHook] INFO  o.s.scheduling.concurrent.ThreadPoolTaskExecutor - Shutting down ExecutorService 'applicationTaskExecutor'
2022-06-21 02:18:48.065 [SpringContextShutdownHook] INFO  com.zaxxer.hikari.HikariDataSource - GuliHikariPool - Shutdown initiated...
2022-06-21 02:18:48.070 [SpringContextShutdownHook] INFO  com.zaxxer.hikari.HikariDataSource - GuliHikariPool - Shutdown completed.
2022-06-21 13:20:55.911 [main] INFO  com.atguigu.eduservice.EduApplication - The following profiles are active: dev
2022-06-21 13:20:57.513 [main] INFO  o.s.d.r.config.RepositoryConfigurationDelegate - Multiple Spring Data modules found, entering strict repository configuration mode!
2022-06-21 13:20:57.516 [main] INFO  o.s.d.r.config.RepositoryConfigurationDelegate - Bootstrapping Spring Data repositories in DEFAULT mode.
2022-06-21 13:20:57.560 [main] INFO  o.s.d.r.config.RepositoryConfigurationDelegate - Finished Spring Data repository scanning in 29ms. Found 0 repository interfaces.
2022-06-21 13:20:57.865 [main] INFO  o.springframework.cloud.context.scope.GenericScope - BeanFactory id=44c9838d-029c-3017-b5f4-d926ca83a72b
2022-06-21 13:20:57.995 [main] INFO  o.s.c.s.PostProcessorRegistrationDelegate$BeanPostProcessorChecker - Bean 'redisConfig' of type [com.atguigu.servicebase.config.RedisConfig$$EnhancerBySpringCGLIB$$5744e0d7] is not eligible for getting processed by all BeanPostProcessors (for example: not eligible for auto-proxying)
2022-06-21 13:20:58.039 [main] INFO  o.s.c.s.PostProcessorRegistrationDelegate$BeanPostProcessorChecker - Bean 'org.springframework.transaction.annotation.ProxyTransactionManagementConfiguration' of type [org.springframework.transaction.annotation.ProxyTransactionManagementConfiguration] is not eligible for getting processed by all BeanPostProcessors (for example: not eligible for auto-proxying)
2022-06-21 13:20:58.098 [main] INFO  o.s.c.s.PostProcessorRegistrationDelegate$BeanPostProcessorChecker - Bean 'org.springframework.cloud.autoconfigure.ConfigurationPropertiesRebinderAutoConfiguration' of type [org.springframework.cloud.autoconfigure.ConfigurationPropertiesRebinderAutoConfiguration] is not eligible for getting processed by all BeanPostProcessors (for example: not eligible for auto-proxying)
2022-06-21 13:20:58.427 [main] INFO  o.s.boot.web.embedded.tomcat.TomcatWebServer - Tomcat initialized with port(s): 8001 (http)
2022-06-21 13:20:58.516 [main] INFO  org.apache.coyote.http11.Http11NioProtocol - Initializing ProtocolHandler ["http-nio-8001"]
2022-06-21 13:20:58.517 [main] INFO  org.apache.catalina.core.StandardService - Starting service [Tomcat]
2022-06-21 13:20:58.517 [main] INFO  org.apache.catalina.core.StandardEngine - Starting Servlet engine: [Apache Tomcat/9.0.27]
2022-06-21 13:20:58.662 [main] INFO  o.a.c.core.ContainerBase.[Tomcat].[localhost].[/] - Initializing Spring embedded WebApplicationContext
2022-06-21 13:20:58.663 [main] INFO  org.springframework.web.context.ContextLoader - Root WebApplicationContext: initialization completed in 2694 ms
2022-06-21 13:20:58.989 [main] INFO  com.zaxxer.hikari.HikariDataSource - GuliHikariPool - Starting...
2022-06-21 13:20:59.351 [main] INFO  com.zaxxer.hikari.HikariDataSource - GuliHikariPool - Start completed.
2022-06-21 13:21:00.948 [main] INFO  s.d.s.w.PropertySourcedRequestMappingHandlerMapping - Mapped URL path [/v2/api-docs] onto method [springfox.documentation.swagger2.web.Swagger2Controller#getDocumentation(String, HttpServletRequest)]
2022-06-21 13:21:00.969 [main] INFO  com.netflix.config.sources.URLConfigurationSource - URLs to be used as dynamic configuration source: [file:/D:/Java/%e9%a1%b9%e7%9b%ae/%e8%b0%b7%e7%b2%92%e5%ad%a6%e8%8b%91/myCode/guli_parent/service/service_edu/target/classes/config.properties]
2022-06-21 13:21:00.981 [main] INFO  com.netflix.config.sources.URLConfigurationSource - URLs to be used as dynamic configuration source: [file:/D:/Java/%e9%a1%b9%e7%9b%ae/%e8%b0%b7%e7%b2%92%e5%ad%a6%e8%8b%91/myCode/guli_parent/service/service_edu/target/classes/config.properties]
2022-06-21 13:21:01.136 [main] INFO  o.s.scheduling.concurrent.ThreadPoolTaskExecutor - Initializing ExecutorService 'applicationTaskExecutor'
2022-06-21 13:21:02.991 [main] INFO  org.springframework.cloud.commons.util.InetUtils - Cannot determine local hostname
2022-06-21 13:21:03.036 [main] INFO  o.s.scheduling.concurrent.ThreadPoolTaskScheduler - Initializing ExecutorService
2022-06-21 13:21:04.288 [main] INFO  org.springframework.cloud.commons.util.InetUtils - Cannot determine local hostname
2022-06-21 13:21:05.527 [main] INFO  org.springframework.cloud.commons.util.InetUtils - Cannot determine local hostname
2022-06-21 13:21:05.657 [main] INFO  s.d.s.web.plugins.DocumentationPluginsBootstrapper - Context refreshed
2022-06-21 13:21:05.679 [main] INFO  s.d.s.web.plugins.DocumentationPluginsBootstrapper - Found 1 custom documentation plugin(s)
2022-06-21 13:21:05.712 [main] INFO  s.d.spring.web.scanners.ApiListingReferenceScanner - Scanning for api listing references
2022-06-21 13:21:06.118 [main] INFO  org.apache.coyote.http11.Http11NioProtocol - Starting ProtocolHandler ["http-nio-8001"]
2022-06-21 13:21:06.156 [main] INFO  o.s.boot.web.embedded.tomcat.TomcatWebServer - Tomcat started on port(s): 8001 (http) with context path ''
2022-06-21 13:21:06.172 [main] INFO  o.s.c.alibaba.nacos.registry.NacosServiceRegistry - nacos registry, service-edu 192.168.13.1:8001 register finished
2022-06-21 13:21:07.486 [main] INFO  org.springframework.cloud.commons.util.InetUtils - Cannot determine local hostname
2022-06-21 13:21:07.489 [main] INFO  com.atguigu.eduservice.EduApplication - Started EduApplication in 15.281 seconds (JVM running for 16.727)
2022-06-21 13:25:05.823 [http-nio-8001-exec-2] INFO  o.a.c.core.ContainerBase.[Tomcat].[localhost].[/] - Initializing Spring DispatcherServlet 'dispatcherServlet'
2022-06-21 13:25:05.824 [http-nio-8001-exec-2] INFO  org.springframework.web.servlet.DispatcherServlet - Initializing Servlet 'dispatcherServlet'
2022-06-21 13:25:05.834 [http-nio-8001-exec-2] INFO  org.springframework.web.servlet.DispatcherServlet - Completed initialization in 10 ms
2022-06-21 15:17:19.595 [SpringContextShutdownHook] INFO  o.s.c.alibaba.nacos.registry.NacosServiceRegistry - De-registering from Nacos Server now...
2022-06-21 15:17:19.600 [SpringContextShutdownHook] INFO  o.s.c.alibaba.nacos.registry.NacosServiceRegistry - De-registration finished.
2022-06-21 15:17:19.601 [SpringContextShutdownHook] INFO  o.s.scheduling.concurrent.ThreadPoolTaskExecutor - Shutting down ExecutorService 'applicationTaskExecutor'
2022-06-21 15:17:19.668 [SpringContextShutdownHook] INFO  com.zaxxer.hikari.HikariDataSource - GuliHikariPool - Shutdown initiated...
2022-06-21 15:17:19.672 [SpringContextShutdownHook] INFO  com.zaxxer.hikari.HikariDataSource - GuliHikariPool - Shutdown completed.
2022-06-21 15:17:27.120 [main] INFO  com.atguigu.eduservice.EduApplication - The following profiles are active: dev
2022-06-21 15:17:28.688 [main] INFO  o.s.d.r.config.RepositoryConfigurationDelegate - Multiple Spring Data modules found, entering strict repository configuration mode!
2022-06-21 15:17:28.693 [main] INFO  o.s.d.r.config.RepositoryConfigurationDelegate - Bootstrapping Spring Data repositories in DEFAULT mode.
2022-06-21 15:17:28.792 [main] INFO  o.s.d.r.config.RepositoryConfigurationDelegate - Finished Spring Data repository scanning in 33ms. Found 0 repository interfaces.
2022-06-21 15:17:29.245 [main] INFO  o.springframework.cloud.context.scope.GenericScope - BeanFactory id=44c9838d-029c-3017-b5f4-d926ca83a72b
2022-06-21 15:17:29.390 [main] INFO  o.s.c.s.PostProcessorRegistrationDelegate$BeanPostProcessorChecker - Bean 'redisConfig' of type [com.atguigu.servicebase.config.RedisConfig$$EnhancerBySpringCGLIB$$4ae6786] is not eligible for getting processed by all BeanPostProcessors (for example: not eligible for auto-proxying)
2022-06-21 15:17:29.432 [main] INFO  o.s.c.s.PostProcessorRegistrationDelegate$BeanPostProcessorChecker - Bean 'org.springframework.transaction.annotation.ProxyTransactionManagementConfiguration' of type [org.springframework.transaction.annotation.ProxyTransactionManagementConfiguration] is not eligible for getting processed by all BeanPostProcessors (for example: not eligible for auto-proxying)
2022-06-21 15:17:29.482 [main] INFO  o.s.c.s.PostProcessorRegistrationDelegate$BeanPostProcessorChecker - Bean 'org.springframework.cloud.autoconfigure.ConfigurationPropertiesRebinderAutoConfiguration' of type [org.springframework.cloud.autoconfigure.ConfigurationPropertiesRebinderAutoConfiguration] is not eligible for getting processed by all BeanPostProcessors (for example: not eligible for auto-proxying)
2022-06-21 15:17:29.831 [main] INFO  o.s.boot.web.embedded.tomcat.TomcatWebServer - Tomcat initialized with port(s): 8001 (http)
2022-06-21 15:17:29.907 [main] INFO  org.apache.coyote.http11.Http11NioProtocol - Initializing ProtocolHandler ["http-nio-8001"]
2022-06-21 15:17:29.907 [main] INFO  org.apache.catalina.core.StandardService - Starting service [Tomcat]
2022-06-21 15:17:29.907 [main] INFO  org.apache.catalina.core.StandardEngine - Starting Servlet engine: [Apache Tomcat/9.0.27]
2022-06-21 15:17:30.060 [main] INFO  o.a.c.core.ContainerBase.[Tomcat].[localhost].[/] - Initializing Spring embedded WebApplicationContext
2022-06-21 15:17:30.060 [main] INFO  org.springframework.web.context.ContextLoader - Root WebApplicationContext: initialization completed in 2914 ms
2022-06-21 15:17:30.319 [main] INFO  com.zaxxer.hikari.HikariDataSource - GuliHikariPool - Starting...
2022-06-21 15:17:30.712 [main] INFO  com.zaxxer.hikari.HikariDataSource - GuliHikariPool - Start completed.
2022-06-21 15:17:31.896 [main] INFO  s.d.s.w.PropertySourcedRequestMappingHandlerMapping - Mapped URL path [/v2/api-docs] onto method [springfox.documentation.swagger2.web.Swagger2Controller#getDocumentation(String, HttpServletRequest)]
2022-06-21 15:17:31.919 [main] INFO  com.netflix.config.sources.URLConfigurationSource - URLs to be used as dynamic configuration source: [file:/D:/Java/%e9%a1%b9%e7%9b%ae/%e8%b0%b7%e7%b2%92%e5%ad%a6%e8%8b%91/myCode/guli_parent/service/service_edu/target/classes/config.properties]
2022-06-21 15:17:31.935 [main] INFO  com.netflix.config.sources.URLConfigurationSource - URLs to be used as dynamic configuration source: [file:/D:/Java/%e9%a1%b9%e7%9b%ae/%e8%b0%b7%e7%b2%92%e5%ad%a6%e8%8b%91/myCode/guli_parent/service/service_edu/target/classes/config.properties]
2022-06-21 15:17:32.138 [main] INFO  o.s.scheduling.concurrent.ThreadPoolTaskExecutor - Initializing ExecutorService 'applicationTaskExecutor'
2022-06-21 15:17:33.806 [main] INFO  org.springframework.cloud.commons.util.InetUtils - Cannot determine local hostname
2022-06-21 15:17:33.896 [main] INFO  o.s.scheduling.concurrent.ThreadPoolTaskScheduler - Initializing ExecutorService
2022-06-21 15:17:35.262 [main] INFO  org.springframework.cloud.commons.util.InetUtils - Cannot determine local hostname
2022-06-21 15:17:36.513 [main] INFO  org.springframework.cloud.commons.util.InetUtils - Cannot determine local hostname
2022-06-21 15:17:36.609 [main] INFO  s.d.s.web.plugins.DocumentationPluginsBootstrapper - Context refreshed
2022-06-21 15:17:36.628 [main] INFO  s.d.s.web.plugins.DocumentationPluginsBootstrapper - Found 1 custom documentation plugin(s)
2022-06-21 15:17:36.707 [main] INFO  s.d.spring.web.scanners.ApiListingReferenceScanner - Scanning for api listing references
2022-06-21 15:17:36.983 [main] INFO  org.apache.coyote.http11.Http11NioProtocol - Starting ProtocolHandler ["http-nio-8001"]
2022-06-21 15:17:37.008 [main] INFO  o.s.boot.web.embedded.tomcat.TomcatWebServer - Tomcat started on port(s): 8001 (http) with context path ''
2022-06-21 15:17:37.017 [main] INFO  o.s.c.alibaba.nacos.registry.NacosServiceRegistry - nacos registry, service-edu 192.168.13.1:8001 register finished
2022-06-21 15:17:38.239 [main] INFO  org.springframework.cloud.commons.util.InetUtils - Cannot determine local hostname
2022-06-21 15:17:38.241 [main] INFO  com.atguigu.eduservice.EduApplication - Started EduApplication in 14.987 seconds (JVM running for 16.27)
2022-06-21 15:44:10.168 [http-nio-8001-exec-1] INFO  o.a.c.core.ContainerBase.[Tomcat].[localhost].[/] - Initializing Spring DispatcherServlet 'dispatcherServlet'
2022-06-21 15:44:10.169 [http-nio-8001-exec-1] INFO  org.springframework.web.servlet.DispatcherServlet - Initializing Servlet 'dispatcherServlet'
2022-06-21 15:44:10.185 [http-nio-8001-exec-1] INFO  org.springframework.web.servlet.DispatcherServlet - Completed initialization in 15 ms
