2022-06-12 15:30:15.803 [main] INFO  com.atguigu.eduservice.EduApplication - Starting EduApplication on DESKTOP-PS19M4M with PID 24548 (started by LuoKai in D:\Java\项目\谷粒学苑\myCode)
2022-06-12 15:30:15.808 [main] INFO  com.atguigu.eduservice.EduApplication - The following profiles are active: dev
2022-06-12 15:30:16.694 [main] INFO  o.s.d.r.config.RepositoryConfigurationDelegate - Multiple Spring Data modules found, entering strict repository configuration mode!
2022-06-12 15:30:16.696 [main] INFO  o.s.d.r.config.RepositoryConfigurationDelegate - Bootstrapping Spring Data repositories in DEFAULT mode.
2022-06-12 15:30:16.720 [main] INFO  o.s.d.r.config.RepositoryConfigurationDelegate - Finished Spring Data repository scanning in 11ms. Found 0 repository interfaces.
2022-06-12 15:30:16.989 [main] INFO  o.s.c.s.PostProcessorRegistrationDelegate$BeanPostProcessorChecker - Bean 'org.springframework.transaction.annotation.ProxyTransactionManagementConfiguration' of type [org.springframework.transaction.annotation.ProxyTransactionManagementConfiguration] is not eligible for getting processed by all BeanPostProcessors (for example: not eligible for auto-proxying)
2022-06-12 15:30:17.274 [main] INFO  o.s.boot.web.embedded.tomcat.TomcatWebServer - Tomcat initialized with port(s): 8001 (http)
2022-06-12 15:30:17.283 [main] INFO  org.apache.coyote.http11.Http11NioProtocol - Initializing ProtocolHandler ["http-nio-8001"]
2022-06-12 15:30:17.283 [main] INFO  org.apache.catalina.core.StandardService - Starting service [Tomcat]
2022-06-12 15:30:17.283 [main] INFO  org.apache.catalina.core.StandardEngine - Starting Servlet engine: [Apache Tomcat/9.0.27]
2022-06-12 15:30:17.373 [main] INFO  o.a.c.core.ContainerBase.[Tomcat].[localhost].[/] - Initializing Spring embedded WebApplicationContext
2022-06-12 15:30:17.373 [main] INFO  org.springframework.web.context.ContextLoader - Root WebApplicationContext: initialization completed in 1529 ms
2022-06-12 15:30:17.569 [main] INFO  com.zaxxer.hikari.HikariDataSource - GuliHikariPool - Starting...
2022-06-12 15:30:17.724 [main] INFO  com.zaxxer.hikari.HikariDataSource - GuliHikariPool - Start completed.
2022-06-12 15:30:18.310 [main] INFO  s.d.s.w.PropertySourcedRequestMappingHandlerMapping - Mapped URL path [/v2/api-docs] onto method [springfox.documentation.swagger2.web.Swagger2Controller#getDocumentation(String, HttpServletRequest)]
2022-06-12 15:30:18.413 [main] INFO  o.s.scheduling.concurrent.ThreadPoolTaskExecutor - Initializing ExecutorService 'applicationTaskExecutor'
2022-06-12 15:30:18.839 [main] INFO  s.d.s.web.plugins.DocumentationPluginsBootstrapper - Context refreshed
2022-06-12 15:30:18.855 [main] INFO  s.d.s.web.plugins.DocumentationPluginsBootstrapper - Found 1 custom documentation plugin(s)
2022-06-12 15:30:18.888 [main] INFO  s.d.spring.web.scanners.ApiListingReferenceScanner - Scanning for api listing references
2022-06-12 15:30:19.074 [main] INFO  org.apache.coyote.http11.Http11NioProtocol - Starting ProtocolHandler ["http-nio-8001"]
2022-06-12 15:30:19.094 [main] INFO  o.s.boot.web.embedded.tomcat.TomcatWebServer - Tomcat started on port(s): 8001 (http) with context path ''
2022-06-12 15:30:19.097 [main] INFO  com.atguigu.eduservice.EduApplication - Started EduApplication in 4.009 seconds (JVM running for 5.072)
2022-06-12 15:31:03.009 [http-nio-8001-exec-1] INFO  o.a.c.core.ContainerBase.[Tomcat].[localhost].[/] - Initializing Spring DispatcherServlet 'dispatcherServlet'
2022-06-12 15:31:03.009 [http-nio-8001-exec-1] INFO  org.springframework.web.servlet.DispatcherServlet - Initializing Servlet 'dispatcherServlet'
2022-06-12 15:31:03.016 [http-nio-8001-exec-1] INFO  org.springframework.web.servlet.DispatcherServlet - Completed initialization in 6 ms
2022-06-12 15:33:15.784 [SpringContextShutdownHook] INFO  o.s.scheduling.concurrent.ThreadPoolTaskExecutor - Shutting down ExecutorService 'applicationTaskExecutor'
2022-06-12 15:33:15.787 [SpringContextShutdownHook] INFO  com.zaxxer.hikari.HikariDataSource - GuliHikariPool - Shutdown initiated...
2022-06-12 15:33:15.793 [SpringContextShutdownHook] INFO  com.zaxxer.hikari.HikariDataSource - GuliHikariPool - Shutdown completed.
2022-06-12 15:58:53.116 [main] INFO  com.atguigu.eduservice.EduApplication - Starting EduApplication on DESKTOP-PS19M4M with PID 18228 (started by LuoKai in D:\Java\项目\谷粒学苑\myCode)
2022-06-12 15:58:53.160 [main] INFO  com.atguigu.eduservice.EduApplication - The following profiles are active: dev
2022-06-12 15:58:54.059 [main] INFO  o.s.d.r.config.RepositoryConfigurationDelegate - Multiple Spring Data modules found, entering strict repository configuration mode!
2022-06-12 15:58:54.061 [main] INFO  o.s.d.r.config.RepositoryConfigurationDelegate - Bootstrapping Spring Data repositories in DEFAULT mode.
2022-06-12 15:58:54.085 [main] INFO  o.s.d.r.config.RepositoryConfigurationDelegate - Finished Spring Data repository scanning in 11ms. Found 0 repository interfaces.
2022-06-12 15:58:54.381 [main] INFO  o.s.c.s.PostProcessorRegistrationDelegate$BeanPostProcessorChecker - Bean 'org.springframework.transaction.annotation.ProxyTransactionManagementConfiguration' of type [org.springframework.transaction.annotation.ProxyTransactionManagementConfiguration] is not eligible for getting processed by all BeanPostProcessors (for example: not eligible for auto-proxying)
2022-06-12 15:58:54.600 [main] INFO  o.s.boot.web.embedded.tomcat.TomcatWebServer - Tomcat initialized with port(s): 8001 (http)
2022-06-12 15:58:54.608 [main] INFO  org.apache.coyote.http11.Http11NioProtocol - Initializing ProtocolHandler ["http-nio-8001"]
2022-06-12 15:58:54.609 [main] INFO  org.apache.catalina.core.StandardService - Starting service [Tomcat]
2022-06-12 15:58:54.609 [main] INFO  org.apache.catalina.core.StandardEngine - Starting Servlet engine: [Apache Tomcat/9.0.27]
2022-06-12 15:58:54.699 [main] INFO  o.a.c.core.ContainerBase.[Tomcat].[localhost].[/] - Initializing Spring embedded WebApplicationContext
2022-06-12 15:58:54.700 [main] INFO  org.springframework.web.context.ContextLoader - Root WebApplicationContext: initialization completed in 1493 ms
2022-06-12 15:58:54.897 [main] INFO  com.zaxxer.hikari.HikariDataSource - GuliHikariPool - Starting...
2022-06-12 15:58:55.102 [main] INFO  com.zaxxer.hikari.HikariDataSource - GuliHikariPool - Start completed.
2022-06-12 15:58:55.857 [main] INFO  s.d.s.w.PropertySourcedRequestMappingHandlerMapping - Mapped URL path [/v2/api-docs] onto method [springfox.documentation.swagger2.web.Swagger2Controller#getDocumentation(String, HttpServletRequest)]
2022-06-12 15:58:55.976 [main] INFO  o.s.scheduling.concurrent.ThreadPoolTaskExecutor - Initializing ExecutorService 'applicationTaskExecutor'
2022-06-12 15:58:56.604 [main] INFO  s.d.s.web.plugins.DocumentationPluginsBootstrapper - Context refreshed
2022-06-12 15:58:56.624 [main] INFO  s.d.s.web.plugins.DocumentationPluginsBootstrapper - Found 1 custom documentation plugin(s)
2022-06-12 15:58:56.668 [main] INFO  s.d.spring.web.scanners.ApiListingReferenceScanner - Scanning for api listing references
2022-06-12 15:58:56.879 [main] INFO  org.apache.coyote.http11.Http11NioProtocol - Starting ProtocolHandler ["http-nio-8001"]
2022-06-12 15:58:56.900 [main] INFO  o.s.boot.web.embedded.tomcat.TomcatWebServer - Tomcat started on port(s): 8001 (http) with context path ''
2022-06-12 15:58:56.903 [main] INFO  com.atguigu.eduservice.EduApplication - Started EduApplication in 4.409 seconds (JVM running for 5.204)
2022-06-12 16:01:12.815 [http-nio-8001-exec-1] INFO  o.a.c.core.ContainerBase.[Tomcat].[localhost].[/] - Initializing Spring DispatcherServlet 'dispatcherServlet'
2022-06-12 16:01:12.815 [http-nio-8001-exec-1] INFO  org.springframework.web.servlet.DispatcherServlet - Initializing Servlet 'dispatcherServlet'
2022-06-12 16:01:12.821 [http-nio-8001-exec-1] INFO  org.springframework.web.servlet.DispatcherServlet - Completed initialization in 6 ms
2022-06-12 16:04:16.872 [SpringContextShutdownHook] INFO  o.s.scheduling.concurrent.ThreadPoolTaskExecutor - Shutting down ExecutorService 'applicationTaskExecutor'
2022-06-12 16:04:16.874 [SpringContextShutdownHook] INFO  com.zaxxer.hikari.HikariDataSource - GuliHikariPool - Shutdown initiated...
2022-06-12 16:04:16.878 [SpringContextShutdownHook] INFO  com.zaxxer.hikari.HikariDataSource - GuliHikariPool - Shutdown completed.
2022-06-12 16:04:22.740 [main] INFO  com.atguigu.eduservice.EduApplication - Starting EduApplication on DESKTOP-PS19M4M with PID 24276 (started by LuoKai in D:\Java\项目\谷粒学苑\myCode)
2022-06-12 16:04:22.744 [main] INFO  com.atguigu.eduservice.EduApplication - The following profiles are active: dev
2022-06-12 16:04:23.607 [main] INFO  o.s.d.r.config.RepositoryConfigurationDelegate - Multiple Spring Data modules found, entering strict repository configuration mode!
2022-06-12 16:04:23.610 [main] INFO  o.s.d.r.config.RepositoryConfigurationDelegate - Bootstrapping Spring Data repositories in DEFAULT mode.
2022-06-12 16:04:23.638 [main] INFO  o.s.d.r.config.RepositoryConfigurationDelegate - Finished Spring Data repository scanning in 10ms. Found 0 repository interfaces.
2022-06-12 16:04:23.909 [main] INFO  o.s.c.s.PostProcessorRegistrationDelegate$BeanPostProcessorChecker - Bean 'org.springframework.transaction.annotation.ProxyTransactionManagementConfiguration' of type [org.springframework.transaction.annotation.ProxyTransactionManagementConfiguration] is not eligible for getting processed by all BeanPostProcessors (for example: not eligible for auto-proxying)
2022-06-12 16:04:24.142 [main] INFO  o.s.boot.web.embedded.tomcat.TomcatWebServer - Tomcat initialized with port(s): 8001 (http)
2022-06-12 16:04:24.151 [main] INFO  org.apache.coyote.http11.Http11NioProtocol - Initializing ProtocolHandler ["http-nio-8001"]
2022-06-12 16:04:24.152 [main] INFO  org.apache.catalina.core.StandardService - Starting service [Tomcat]
2022-06-12 16:04:24.153 [main] INFO  org.apache.catalina.core.StandardEngine - Starting Servlet engine: [Apache Tomcat/9.0.27]
2022-06-12 16:04:24.253 [main] INFO  o.a.c.core.ContainerBase.[Tomcat].[localhost].[/] - Initializing Spring embedded WebApplicationContext
2022-06-12 16:04:24.253 [main] INFO  org.springframework.web.context.ContextLoader - Root WebApplicationContext: initialization completed in 1463 ms
2022-06-12 16:04:24.449 [main] INFO  com.zaxxer.hikari.HikariDataSource - GuliHikariPool - Starting...
2022-06-12 16:04:24.597 [main] INFO  com.zaxxer.hikari.HikariDataSource - GuliHikariPool - Start completed.
2022-06-12 16:04:25.178 [main] INFO  s.d.s.w.PropertySourcedRequestMappingHandlerMapping - Mapped URL path [/v2/api-docs] onto method [springfox.documentation.swagger2.web.Swagger2Controller#getDocumentation(String, HttpServletRequest)]
2022-06-12 16:04:25.293 [main] INFO  o.s.scheduling.concurrent.ThreadPoolTaskExecutor - Initializing ExecutorService 'applicationTaskExecutor'
2022-06-12 16:04:25.760 [main] INFO  s.d.s.web.plugins.DocumentationPluginsBootstrapper - Context refreshed
2022-06-12 16:04:25.778 [main] INFO  s.d.s.web.plugins.DocumentationPluginsBootstrapper - Found 1 custom documentation plugin(s)
2022-06-12 16:04:25.815 [main] INFO  s.d.spring.web.scanners.ApiListingReferenceScanner - Scanning for api listing references
2022-06-12 16:04:25.992 [main] INFO  org.apache.coyote.http11.Http11NioProtocol - Starting ProtocolHandler ["http-nio-8001"]
2022-06-12 16:04:26.011 [main] INFO  o.s.boot.web.embedded.tomcat.TomcatWebServer - Tomcat started on port(s): 8001 (http) with context path ''
2022-06-12 16:04:26.014 [main] INFO  com.atguigu.eduservice.EduApplication - Started EduApplication in 3.961 seconds (JVM running for 4.73)
2022-06-12 16:05:08.345 [http-nio-8001-exec-1] INFO  o.a.c.core.ContainerBase.[Tomcat].[localhost].[/] - Initializing Spring DispatcherServlet 'dispatcherServlet'
2022-06-12 16:05:08.345 [http-nio-8001-exec-1] INFO  org.springframework.web.servlet.DispatcherServlet - Initializing Servlet 'dispatcherServlet'
2022-06-12 16:05:08.355 [http-nio-8001-exec-1] INFO  org.springframework.web.servlet.DispatcherServlet - Completed initialization in 10 ms
2022-06-12 16:17:43.171 [SpringContextShutdownHook] INFO  o.s.scheduling.concurrent.ThreadPoolTaskExecutor - Shutting down ExecutorService 'applicationTaskExecutor'
2022-06-12 16:17:43.173 [SpringContextShutdownHook] INFO  com.zaxxer.hikari.HikariDataSource - GuliHikariPool - Shutdown initiated...
2022-06-12 16:17:43.175 [SpringContextShutdownHook] INFO  com.zaxxer.hikari.HikariDataSource - GuliHikariPool - Shutdown completed.
2022-06-12 16:17:48.394 [main] INFO  com.atguigu.eduservice.EduApplication - Starting EduApplication on DESKTOP-PS19M4M with PID 9552 (started by LuoKai in D:\Java\项目\谷粒学苑\myCode)
2022-06-12 16:17:48.397 [main] INFO  com.atguigu.eduservice.EduApplication - The following profiles are active: dev
2022-06-12 16:17:49.223 [main] INFO  o.s.d.r.config.RepositoryConfigurationDelegate - Multiple Spring Data modules found, entering strict repository configuration mode!
2022-06-12 16:17:49.225 [main] INFO  o.s.d.r.config.RepositoryConfigurationDelegate - Bootstrapping Spring Data repositories in DEFAULT mode.
2022-06-12 16:17:49.256 [main] INFO  o.s.d.r.config.RepositoryConfigurationDelegate - Finished Spring Data repository scanning in 17ms. Found 0 repository interfaces.
2022-06-12 16:17:49.520 [main] INFO  o.s.c.s.PostProcessorRegistrationDelegate$BeanPostProcessorChecker - Bean 'org.springframework.transaction.annotation.ProxyTransactionManagementConfiguration' of type [org.springframework.transaction.annotation.ProxyTransactionManagementConfiguration] is not eligible for getting processed by all BeanPostProcessors (for example: not eligible for auto-proxying)
2022-06-12 16:17:49.724 [main] INFO  o.s.boot.web.embedded.tomcat.TomcatWebServer - Tomcat initialized with port(s): 8001 (http)
2022-06-12 16:17:49.734 [main] INFO  org.apache.coyote.http11.Http11NioProtocol - Initializing ProtocolHandler ["http-nio-8001"]
2022-06-12 16:17:49.735 [main] INFO  org.apache.catalina.core.StandardService - Starting service [Tomcat]
2022-06-12 16:17:49.735 [main] INFO  org.apache.catalina.core.StandardEngine - Starting Servlet engine: [Apache Tomcat/9.0.27]
2022-06-12 16:17:49.825 [main] INFO  o.a.c.core.ContainerBase.[Tomcat].[localhost].[/] - Initializing Spring embedded WebApplicationContext
2022-06-12 16:17:49.825 [main] INFO  org.springframework.web.context.ContextLoader - Root WebApplicationContext: initialization completed in 1352 ms
2022-06-12 16:17:50.019 [main] INFO  com.zaxxer.hikari.HikariDataSource - GuliHikariPool - Starting...
2022-06-12 16:17:50.174 [main] INFO  com.zaxxer.hikari.HikariDataSource - GuliHikariPool - Start completed.
2022-06-12 16:17:50.742 [main] INFO  s.d.s.w.PropertySourcedRequestMappingHandlerMapping - Mapped URL path [/v2/api-docs] onto method [springfox.documentation.swagger2.web.Swagger2Controller#getDocumentation(String, HttpServletRequest)]
2022-06-12 16:17:50.836 [main] INFO  o.s.scheduling.concurrent.ThreadPoolTaskExecutor - Initializing ExecutorService 'applicationTaskExecutor'
2022-06-12 16:17:51.239 [main] INFO  s.d.s.web.plugins.DocumentationPluginsBootstrapper - Context refreshed
2022-06-12 16:17:51.252 [main] INFO  s.d.s.web.plugins.DocumentationPluginsBootstrapper - Found 1 custom documentation plugin(s)
2022-06-12 16:17:51.284 [main] INFO  s.d.spring.web.scanners.ApiListingReferenceScanner - Scanning for api listing references
2022-06-12 16:17:51.465 [main] INFO  org.apache.coyote.http11.Http11NioProtocol - Starting ProtocolHandler ["http-nio-8001"]
2022-06-12 16:17:51.484 [main] INFO  o.s.boot.web.embedded.tomcat.TomcatWebServer - Tomcat started on port(s): 8001 (http) with context path ''
2022-06-12 16:17:51.486 [main] INFO  com.atguigu.eduservice.EduApplication - Started EduApplication in 3.704 seconds (JVM running for 4.444)
2022-06-12 16:17:56.754 [http-nio-8001-exec-1] INFO  o.a.c.core.ContainerBase.[Tomcat].[localhost].[/] - Initializing Spring DispatcherServlet 'dispatcherServlet'
2022-06-12 16:17:56.755 [http-nio-8001-exec-1] INFO  org.springframework.web.servlet.DispatcherServlet - Initializing Servlet 'dispatcherServlet'
2022-06-12 16:17:56.761 [http-nio-8001-exec-1] INFO  org.springframework.web.servlet.DispatcherServlet - Completed initialization in 6 ms
2022-06-12 16:18:54.317 [SpringContextShutdownHook] INFO  o.s.scheduling.concurrent.ThreadPoolTaskExecutor - Shutting down ExecutorService 'applicationTaskExecutor'
2022-06-12 16:18:54.319 [SpringContextShutdownHook] INFO  com.zaxxer.hikari.HikariDataSource - GuliHikariPool - Shutdown initiated...
2022-06-12 16:18:54.323 [SpringContextShutdownHook] INFO  com.zaxxer.hikari.HikariDataSource - GuliHikariPool - Shutdown completed.
2022-06-12 16:19:00.049 [main] INFO  com.atguigu.eduservice.EduApplication - Starting EduApplication on DESKTOP-PS19M4M with PID 8268 (started by LuoKai in D:\Java\项目\谷粒学苑\myCode)
2022-06-12 16:19:00.054 [main] INFO  com.atguigu.eduservice.EduApplication - The following profiles are active: dev
2022-06-12 16:19:00.921 [main] INFO  o.s.d.r.config.RepositoryConfigurationDelegate - Multiple Spring Data modules found, entering strict repository configuration mode!
2022-06-12 16:19:00.923 [main] INFO  o.s.d.r.config.RepositoryConfigurationDelegate - Bootstrapping Spring Data repositories in DEFAULT mode.
2022-06-12 16:19:00.946 [main] INFO  o.s.d.r.config.RepositoryConfigurationDelegate - Finished Spring Data repository scanning in 10ms. Found 0 repository interfaces.
2022-06-12 16:19:01.219 [main] INFO  o.s.c.s.PostProcessorRegistrationDelegate$BeanPostProcessorChecker - Bean 'org.springframework.transaction.annotation.ProxyTransactionManagementConfiguration' of type [org.springframework.transaction.annotation.ProxyTransactionManagementConfiguration] is not eligible for getting processed by all BeanPostProcessors (for example: not eligible for auto-proxying)
2022-06-12 16:19:01.447 [main] INFO  o.s.boot.web.embedded.tomcat.TomcatWebServer - Tomcat initialized with port(s): 8001 (http)
2022-06-12 16:19:01.456 [main] INFO  org.apache.coyote.http11.Http11NioProtocol - Initializing ProtocolHandler ["http-nio-8001"]
2022-06-12 16:19:01.457 [main] INFO  org.apache.catalina.core.StandardService - Starting service [Tomcat]
2022-06-12 16:19:01.457 [main] INFO  org.apache.catalina.core.StandardEngine - Starting Servlet engine: [Apache Tomcat/9.0.27]
2022-06-12 16:19:01.555 [main] INFO  o.a.c.core.ContainerBase.[Tomcat].[localhost].[/] - Initializing Spring embedded WebApplicationContext
2022-06-12 16:19:01.555 [main] INFO  org.springframework.web.context.ContextLoader - Root WebApplicationContext: initialization completed in 1453 ms
2022-06-12 16:19:01.743 [main] INFO  com.zaxxer.hikari.HikariDataSource - GuliHikariPool - Starting...
2022-06-12 16:19:01.900 [main] INFO  com.zaxxer.hikari.HikariDataSource - GuliHikariPool - Start completed.
2022-06-12 16:19:02.503 [main] INFO  s.d.s.w.PropertySourcedRequestMappingHandlerMapping - Mapped URL path [/v2/api-docs] onto method [springfox.documentation.swagger2.web.Swagger2Controller#getDocumentation(String, HttpServletRequest)]
2022-06-12 16:19:02.609 [main] INFO  o.s.scheduling.concurrent.ThreadPoolTaskExecutor - Initializing ExecutorService 'applicationTaskExecutor'
2022-06-12 16:19:03.038 [main] INFO  s.d.s.web.plugins.DocumentationPluginsBootstrapper - Context refreshed
2022-06-12 16:19:03.051 [main] INFO  s.d.s.web.plugins.DocumentationPluginsBootstrapper - Found 1 custom documentation plugin(s)
2022-06-12 16:19:03.081 [main] INFO  s.d.spring.web.scanners.ApiListingReferenceScanner - Scanning for api listing references
2022-06-12 16:19:03.267 [main] INFO  org.apache.coyote.http11.Http11NioProtocol - Starting ProtocolHandler ["http-nio-8001"]
2022-06-12 16:19:03.287 [main] INFO  o.s.boot.web.embedded.tomcat.TomcatWebServer - Tomcat started on port(s): 8001 (http) with context path ''
2022-06-12 16:19:03.291 [main] INFO  com.atguigu.eduservice.EduApplication - Started EduApplication in 3.929 seconds (JVM running for 4.754)
2022-06-12 16:19:16.631 [http-nio-8001-exec-1] INFO  o.a.c.core.ContainerBase.[Tomcat].[localhost].[/] - Initializing Spring DispatcherServlet 'dispatcherServlet'
2022-06-12 16:19:16.631 [http-nio-8001-exec-1] INFO  org.springframework.web.servlet.DispatcherServlet - Initializing Servlet 'dispatcherServlet'
2022-06-12 16:19:16.638 [http-nio-8001-exec-1] INFO  org.springframework.web.servlet.DispatcherServlet - Completed initialization in 7 ms
2022-06-12 17:04:30.746 [SpringContextShutdownHook] INFO  o.s.scheduling.concurrent.ThreadPoolTaskExecutor - Shutting down ExecutorService 'applicationTaskExecutor'
2022-06-12 17:04:30.747 [SpringContextShutdownHook] INFO  com.zaxxer.hikari.HikariDataSource - GuliHikariPool - Shutdown initiated...
2022-06-12 17:04:30.757 [SpringContextShutdownHook] INFO  com.zaxxer.hikari.HikariDataSource - GuliHikariPool - Shutdown completed.
2022-06-12 17:04:38.804 [main] INFO  com.atguigu.eduservice.EduApplication - Starting EduApplication on DESKTOP-PS19M4M with PID 3604 (started by LuoKai in D:\Java\项目\谷粒学苑\myCode)
2022-06-12 17:04:38.808 [main] INFO  com.atguigu.eduservice.EduApplication - The following profiles are active: dev
2022-06-12 17:04:39.975 [main] INFO  o.s.d.r.config.RepositoryConfigurationDelegate - Multiple Spring Data modules found, entering strict repository configuration mode!
2022-06-12 17:04:39.977 [main] INFO  o.s.d.r.config.RepositoryConfigurationDelegate - Bootstrapping Spring Data repositories in DEFAULT mode.
2022-06-12 17:04:40.001 [main] INFO  o.s.d.r.config.RepositoryConfigurationDelegate - Finished Spring Data repository scanning in 10ms. Found 0 repository interfaces.
2022-06-12 17:04:40.271 [main] INFO  o.s.c.s.PostProcessorRegistrationDelegate$BeanPostProcessorChecker - Bean 'org.springframework.transaction.annotation.ProxyTransactionManagementConfiguration' of type [org.springframework.transaction.annotation.ProxyTransactionManagementConfiguration] is not eligible for getting processed by all BeanPostProcessors (for example: not eligible for auto-proxying)
2022-06-12 17:04:40.544 [main] INFO  o.s.boot.web.embedded.tomcat.TomcatWebServer - Tomcat initialized with port(s): 8001 (http)
2022-06-12 17:04:40.554 [main] INFO  org.apache.coyote.http11.Http11NioProtocol - Initializing ProtocolHandler ["http-nio-8001"]
2022-06-12 17:04:40.555 [main] INFO  org.apache.catalina.core.StandardService - Starting service [Tomcat]
2022-06-12 17:04:40.555 [main] INFO  org.apache.catalina.core.StandardEngine - Starting Servlet engine: [Apache Tomcat/9.0.27]
2022-06-12 17:04:40.655 [main] INFO  o.a.c.core.ContainerBase.[Tomcat].[localhost].[/] - Initializing Spring embedded WebApplicationContext
2022-06-12 17:04:40.655 [main] INFO  org.springframework.web.context.ContextLoader - Root WebApplicationContext: initialization completed in 1739 ms
2022-06-12 17:04:40.866 [main] INFO  com.zaxxer.hikari.HikariDataSource - GuliHikariPool - Starting...
2022-06-12 17:04:41.043 [main] INFO  com.zaxxer.hikari.HikariDataSource - GuliHikariPool - Start completed.
2022-06-12 17:04:41.629 [main] INFO  s.d.s.w.PropertySourcedRequestMappingHandlerMapping - Mapped URL path [/v2/api-docs] onto method [springfox.documentation.swagger2.web.Swagger2Controller#getDocumentation(String, HttpServletRequest)]
2022-06-12 17:04:41.728 [main] INFO  o.s.scheduling.concurrent.ThreadPoolTaskExecutor - Initializing ExecutorService 'applicationTaskExecutor'
2022-06-12 17:04:42.163 [main] INFO  s.d.s.web.plugins.DocumentationPluginsBootstrapper - Context refreshed
2022-06-12 17:04:42.180 [main] INFO  s.d.s.web.plugins.DocumentationPluginsBootstrapper - Found 1 custom documentation plugin(s)
2022-06-12 17:04:42.213 [main] INFO  s.d.spring.web.scanners.ApiListingReferenceScanner - Scanning for api listing references
2022-06-12 17:04:42.398 [main] INFO  org.apache.coyote.http11.Http11NioProtocol - Starting ProtocolHandler ["http-nio-8001"]
2022-06-12 17:04:42.416 [main] INFO  o.s.boot.web.embedded.tomcat.TomcatWebServer - Tomcat started on port(s): 8001 (http) with context path ''
2022-06-12 17:04:42.419 [main] INFO  com.atguigu.eduservice.EduApplication - Started EduApplication in 4.483 seconds (JVM running for 5.3)
2022-06-12 17:04:47.367 [http-nio-8001-exec-1] INFO  o.a.c.core.ContainerBase.[Tomcat].[localhost].[/] - Initializing Spring DispatcherServlet 'dispatcherServlet'
2022-06-12 17:04:47.368 [http-nio-8001-exec-1] INFO  org.springframework.web.servlet.DispatcherServlet - Initializing Servlet 'dispatcherServlet'
2022-06-12 17:04:47.375 [http-nio-8001-exec-1] INFO  org.springframework.web.servlet.DispatcherServlet - Completed initialization in 7 ms
2022-06-12 20:44:45.505 [SpringContextShutdownHook] INFO  o.s.scheduling.concurrent.ThreadPoolTaskExecutor - Shutting down ExecutorService 'applicationTaskExecutor'
2022-06-12 20:44:45.559 [SpringContextShutdownHook] INFO  com.zaxxer.hikari.HikariDataSource - GuliHikariPool - Shutdown initiated...
2022-06-12 20:44:45.562 [SpringContextShutdownHook] INFO  com.zaxxer.hikari.HikariDataSource - GuliHikariPool - Shutdown completed.
2022-06-12 20:44:57.457 [main] INFO  com.atguigu.eduservice.EduApplication - Starting EduApplication on DESKTOP-PS19M4M with PID 26792 (started by LuoKai in D:\Java\项目\谷粒学苑\myCode)
2022-06-12 20:44:57.461 [main] INFO  com.atguigu.eduservice.EduApplication - The following profiles are active: dev
2022-06-12 20:44:58.556 [main] INFO  o.s.d.r.config.RepositoryConfigurationDelegate - Multiple Spring Data modules found, entering strict repository configuration mode!
2022-06-12 20:44:58.564 [main] INFO  o.s.d.r.config.RepositoryConfigurationDelegate - Bootstrapping Spring Data repositories in DEFAULT mode.
2022-06-12 20:44:58.592 [main] INFO  o.s.d.r.config.RepositoryConfigurationDelegate - Finished Spring Data repository scanning in 16ms. Found 0 repository interfaces.
2022-06-12 20:44:58.871 [main] INFO  o.s.c.s.PostProcessorRegistrationDelegate$BeanPostProcessorChecker - Bean 'org.springframework.transaction.annotation.ProxyTransactionManagementConfiguration' of type [org.springframework.transaction.annotation.ProxyTransactionManagementConfiguration] is not eligible for getting processed by all BeanPostProcessors (for example: not eligible for auto-proxying)
2022-06-12 20:44:59.170 [main] INFO  o.s.boot.web.embedded.tomcat.TomcatWebServer - Tomcat initialized with port(s): 8001 (http)
2022-06-12 20:44:59.183 [main] INFO  org.apache.coyote.http11.Http11NioProtocol - Initializing ProtocolHandler ["http-nio-8001"]
2022-06-12 20:44:59.184 [main] INFO  org.apache.catalina.core.StandardService - Starting service [Tomcat]
2022-06-12 20:44:59.184 [main] INFO  org.apache.catalina.core.StandardEngine - Starting Servlet engine: [Apache Tomcat/9.0.27]
2022-06-12 20:44:59.314 [main] INFO  o.a.c.core.ContainerBase.[Tomcat].[localhost].[/] - Initializing Spring embedded WebApplicationContext
2022-06-12 20:44:59.314 [main] INFO  org.springframework.web.context.ContextLoader - Root WebApplicationContext: initialization completed in 1811 ms
2022-06-12 20:44:59.592 [main] INFO  com.zaxxer.hikari.HikariDataSource - GuliHikariPool - Starting...
2022-06-12 20:44:59.812 [main] INFO  com.zaxxer.hikari.HikariDataSource - GuliHikariPool - Start completed.
2022-06-12 20:45:00.567 [main] INFO  s.d.s.w.PropertySourcedRequestMappingHandlerMapping - Mapped URL path [/v2/api-docs] onto method [springfox.documentation.swagger2.web.Swagger2Controller#getDocumentation(String, HttpServletRequest)]
2022-06-12 20:45:00.688 [main] INFO  o.s.scheduling.concurrent.ThreadPoolTaskExecutor - Initializing ExecutorService 'applicationTaskExecutor'
2022-06-12 20:45:01.335 [main] INFO  s.d.s.web.plugins.DocumentationPluginsBootstrapper - Context refreshed
2022-06-12 20:45:01.354 [main] INFO  s.d.s.web.plugins.DocumentationPluginsBootstrapper - Found 1 custom documentation plugin(s)
2022-06-12 20:45:01.399 [main] INFO  s.d.spring.web.scanners.ApiListingReferenceScanner - Scanning for api listing references
2022-06-12 20:45:01.633 [main] INFO  org.apache.coyote.http11.Http11NioProtocol - Starting ProtocolHandler ["http-nio-8001"]
2022-06-12 20:45:01.656 [main] INFO  o.s.boot.web.embedded.tomcat.TomcatWebServer - Tomcat started on port(s): 8001 (http) with context path ''
2022-06-12 20:45:01.659 [main] INFO  com.atguigu.eduservice.EduApplication - Started EduApplication in 4.909 seconds (JVM running for 5.693)
2022-06-12 20:45:12.391 [http-nio-8001-exec-1] INFO  o.a.c.core.ContainerBase.[Tomcat].[localhost].[/] - Initializing Spring DispatcherServlet 'dispatcherServlet'
2022-06-12 20:45:12.391 [http-nio-8001-exec-1] INFO  org.springframework.web.servlet.DispatcherServlet - Initializing Servlet 'dispatcherServlet'
2022-06-12 20:45:12.399 [http-nio-8001-exec-1] INFO  org.springframework.web.servlet.DispatcherServlet - Completed initialization in 8 ms
2022-06-12 21:48:03.255 [SpringContextShutdownHook] INFO  o.s.scheduling.concurrent.ThreadPoolTaskExecutor - Shutting down ExecutorService 'applicationTaskExecutor'
2022-06-12 21:48:03.257 [SpringContextShutdownHook] INFO  com.zaxxer.hikari.HikariDataSource - GuliHikariPool - Shutdown initiated...
2022-06-12 21:48:03.261 [SpringContextShutdownHook] INFO  com.zaxxer.hikari.HikariDataSource - GuliHikariPool - Shutdown completed.
2022-06-12 21:48:33.516 [main] INFO  com.atguigu.eduservice.EduApplication - Starting EduApplication on DESKTOP-PS19M4M with PID 30048 (started by LuoKai in D:\Java\项目\谷粒学苑\myCode)
2022-06-12 21:48:33.520 [main] INFO  com.atguigu.eduservice.EduApplication - The following profiles are active: dev
2022-06-12 21:48:34.622 [main] INFO  o.s.d.r.config.RepositoryConfigurationDelegate - Multiple Spring Data modules found, entering strict repository configuration mode!
2022-06-12 21:48:34.625 [main] INFO  o.s.d.r.config.RepositoryConfigurationDelegate - Bootstrapping Spring Data repositories in DEFAULT mode.
2022-06-12 21:48:34.653 [main] INFO  o.s.d.r.config.RepositoryConfigurationDelegate - Finished Spring Data repository scanning in 12ms. Found 0 repository interfaces.
2022-06-12 21:48:34.943 [main] INFO  o.s.c.s.PostProcessorRegistrationDelegate$BeanPostProcessorChecker - Bean 'org.springframework.transaction.annotation.ProxyTransactionManagementConfiguration' of type [org.springframework.transaction.annotation.ProxyTransactionManagementConfiguration] is not eligible for getting processed by all BeanPostProcessors (for example: not eligible for auto-proxying)
2022-06-12 21:48:35.166 [main] INFO  o.s.boot.web.embedded.tomcat.TomcatWebServer - Tomcat initialized with port(s): 8001 (http)
2022-06-12 21:48:35.175 [main] INFO  org.apache.coyote.http11.Http11NioProtocol - Initializing ProtocolHandler ["http-nio-8001"]
2022-06-12 21:48:35.176 [main] INFO  org.apache.catalina.core.StandardService - Starting service [Tomcat]
2022-06-12 21:48:35.176 [main] INFO  org.apache.catalina.core.StandardEngine - Starting Servlet engine: [Apache Tomcat/9.0.27]
2022-06-12 21:48:35.273 [main] INFO  o.a.c.core.ContainerBase.[Tomcat].[localhost].[/] - Initializing Spring embedded WebApplicationContext
2022-06-12 21:48:35.273 [main] INFO  org.springframework.web.context.ContextLoader - Root WebApplicationContext: initialization completed in 1709 ms
2022-06-12 21:48:35.518 [main] INFO  com.zaxxer.hikari.HikariDataSource - GuliHikariPool - Starting...
2022-06-12 21:48:35.798 [main] INFO  com.zaxxer.hikari.HikariDataSource - GuliHikariPool - Start completed.
2022-06-12 21:48:36.496 [main] INFO  s.d.s.w.PropertySourcedRequestMappingHandlerMapping - Mapped URL path [/v2/api-docs] onto method [springfox.documentation.swagger2.web.Swagger2Controller#getDocumentation(String, HttpServletRequest)]
2022-06-12 21:48:36.603 [main] INFO  o.s.scheduling.concurrent.ThreadPoolTaskExecutor - Initializing ExecutorService 'applicationTaskExecutor'
2022-06-12 21:48:37.099 [main] INFO  s.d.s.web.plugins.DocumentationPluginsBootstrapper - Context refreshed
2022-06-12 21:48:37.124 [main] INFO  s.d.s.web.plugins.DocumentationPluginsBootstrapper - Found 1 custom documentation plugin(s)
2022-06-12 21:48:37.162 [main] INFO  s.d.spring.web.scanners.ApiListingReferenceScanner - Scanning for api listing references
2022-06-12 21:48:37.401 [main] INFO  org.apache.coyote.http11.Http11NioProtocol - Starting ProtocolHandler ["http-nio-8001"]
2022-06-12 21:48:37.424 [main] INFO  o.s.boot.web.embedded.tomcat.TomcatWebServer - Tomcat started on port(s): 8001 (http) with context path ''
2022-06-12 21:48:37.427 [main] INFO  com.atguigu.eduservice.EduApplication - Started EduApplication in 4.616 seconds (JVM running for 5.398)
2022-06-12 21:52:58.477 [http-nio-8001-exec-1] INFO  o.a.c.core.ContainerBase.[Tomcat].[localhost].[/] - Initializing Spring DispatcherServlet 'dispatcherServlet'
2022-06-12 21:52:58.478 [http-nio-8001-exec-1] INFO  org.springframework.web.servlet.DispatcherServlet - Initializing Servlet 'dispatcherServlet'
2022-06-12 21:52:58.485 [http-nio-8001-exec-1] INFO  org.springframework.web.servlet.DispatcherServlet - Completed initialization in 7 ms
2022-06-12 23:10:50.480 [SpringContextShutdownHook] INFO  o.s.scheduling.concurrent.ThreadPoolTaskExecutor - Shutting down ExecutorService 'applicationTaskExecutor'
2022-06-12 23:10:50.482 [SpringContextShutdownHook] INFO  com.zaxxer.hikari.HikariDataSource - GuliHikariPool - Shutdown initiated...
2022-06-12 23:10:50.487 [SpringContextShutdownHook] INFO  com.zaxxer.hikari.HikariDataSource - GuliHikariPool - Shutdown completed.
2022-06-12 23:10:57.385 [main] INFO  com.atguigu.eduservice.EduApplication - Starting EduApplication on DESKTOP-PS19M4M with PID 27576 (started by LuoKai in D:\Java\项目\谷粒学苑\myCode)
2022-06-12 23:10:57.389 [main] INFO  com.atguigu.eduservice.EduApplication - The following profiles are active: dev
2022-06-12 23:10:58.402 [main] INFO  o.s.d.r.config.RepositoryConfigurationDelegate - Multiple Spring Data modules found, entering strict repository configuration mode!
2022-06-12 23:10:58.405 [main] INFO  o.s.d.r.config.RepositoryConfigurationDelegate - Bootstrapping Spring Data repositories in DEFAULT mode.
2022-06-12 23:10:58.428 [main] INFO  o.s.d.r.config.RepositoryConfigurationDelegate - Finished Spring Data repository scanning in 11ms. Found 0 repository interfaces.
2022-06-12 23:10:58.674 [main] INFO  o.s.c.s.PostProcessorRegistrationDelegate$BeanPostProcessorChecker - Bean 'org.springframework.transaction.annotation.ProxyTransactionManagementConfiguration' of type [org.springframework.transaction.annotation.ProxyTransactionManagementConfiguration] is not eligible for getting processed by all BeanPostProcessors (for example: not eligible for auto-proxying)
2022-06-12 23:10:58.892 [main] INFO  o.s.boot.web.embedded.tomcat.TomcatWebServer - Tomcat initialized with port(s): 8001 (http)
2022-06-12 23:10:58.899 [main] INFO  org.apache.coyote.http11.Http11NioProtocol - Initializing ProtocolHandler ["http-nio-8001"]
2022-06-12 23:10:58.900 [main] INFO  org.apache.catalina.core.StandardService - Starting service [Tomcat]
2022-06-12 23:10:58.900 [main] INFO  org.apache.catalina.core.StandardEngine - Starting Servlet engine: [Apache Tomcat/9.0.27]
2022-06-12 23:10:58.994 [main] INFO  o.a.c.core.ContainerBase.[Tomcat].[localhost].[/] - Initializing Spring embedded WebApplicationContext
2022-06-12 23:10:58.994 [main] INFO  org.springframework.web.context.ContextLoader - Root WebApplicationContext: initialization completed in 1562 ms
2022-06-12 23:10:59.189 [main] INFO  com.zaxxer.hikari.HikariDataSource - GuliHikariPool - Starting...
2022-06-12 23:10:59.462 [main] INFO  com.zaxxer.hikari.HikariDataSource - GuliHikariPool - Start completed.
2022-06-12 23:11:00.003 [main] INFO  s.d.s.w.PropertySourcedRequestMappingHandlerMapping - Mapped URL path [/v2/api-docs] onto method [springfox.documentation.swagger2.web.Swagger2Controller#getDocumentation(String, HttpServletRequest)]
2022-06-12 23:11:00.110 [main] INFO  o.s.scheduling.concurrent.ThreadPoolTaskExecutor - Initializing ExecutorService 'applicationTaskExecutor'
2022-06-12 23:11:00.509 [main] INFO  s.d.s.web.plugins.DocumentationPluginsBootstrapper - Context refreshed
2022-06-12 23:11:00.523 [main] INFO  s.d.s.web.plugins.DocumentationPluginsBootstrapper - Found 1 custom documentation plugin(s)
2022-06-12 23:11:00.554 [main] INFO  s.d.spring.web.scanners.ApiListingReferenceScanner - Scanning for api listing references
2022-06-12 23:11:00.740 [main] INFO  org.apache.coyote.http11.Http11NioProtocol - Starting ProtocolHandler ["http-nio-8001"]
2022-06-12 23:11:00.759 [main] INFO  o.s.boot.web.embedded.tomcat.TomcatWebServer - Tomcat started on port(s): 8001 (http) with context path ''
2022-06-12 23:11:00.762 [main] INFO  com.atguigu.eduservice.EduApplication - Started EduApplication in 4.042 seconds (JVM running for 4.822)
2022-06-12 23:11:06.986 [http-nio-8001-exec-3] INFO  o.a.c.core.ContainerBase.[Tomcat].[localhost].[/] - Initializing Spring DispatcherServlet 'dispatcherServlet'
2022-06-12 23:11:06.987 [http-nio-8001-exec-3] INFO  org.springframework.web.servlet.DispatcherServlet - Initializing Servlet 'dispatcherServlet'
2022-06-12 23:11:06.993 [http-nio-8001-exec-3] INFO  org.springframework.web.servlet.DispatcherServlet - Completed initialization in 6 ms
