2022-06-17 01:04:57.666 [main] INFO  com.atguigu.eduservice.EduApplication - Starting EduApplication on DESKTOP-PS19M4M with PID 31636 (started by LuoKai in D:\Java\项目\谷粒学苑\myCode)
2022-06-17 01:04:57.672 [main] INFO  com.atguigu.eduservice.EduApplication - The following profiles are active: dev
2022-06-17 01:04:58.686 [main] INFO  o.s.d.r.config.RepositoryConfigurationDelegate - Multiple Spring Data modules found, entering strict repository configuration mode!
2022-06-17 01:04:58.689 [main] INFO  o.s.d.r.config.RepositoryConfigurationDelegate - Bootstrapping Spring Data repositories in DEFAULT mode.
2022-06-17 01:04:58.723 [main] INFO  o.s.d.r.config.RepositoryConfigurationDelegate - Finished Spring Data repository scanning in 20ms. Found 0 repository interfaces.
2022-06-17 01:04:58.997 [main] INFO  o.s.c.s.PostProcessorRegistrationDelegate$BeanPostProcessorChecker - Bean 'org.springframework.transaction.annotation.ProxyTransactionManagementConfiguration' of type [org.springframework.transaction.annotation.ProxyTransactionManagementConfiguration] is not eligible for getting processed by all BeanPostProcessors (for example: not eligible for auto-proxying)
2022-06-17 01:04:59.233 [main] INFO  o.s.boot.web.embedded.tomcat.TomcatWebServer - Tomcat initialized with port(s): 8001 (http)
2022-06-17 01:04:59.245 [main] INFO  org.apache.coyote.http11.Http11NioProtocol - Initializing ProtocolHandler ["http-nio-8001"]
2022-06-17 01:04:59.246 [main] INFO  org.apache.catalina.core.StandardService - Starting service [Tomcat]
2022-06-17 01:04:59.247 [main] INFO  org.apache.catalina.core.StandardEngine - Starting Servlet engine: [Apache Tomcat/9.0.27]
2022-06-17 01:04:59.360 [main] INFO  o.a.c.core.ContainerBase.[Tomcat].[localhost].[/] - Initializing Spring embedded WebApplicationContext
2022-06-17 01:04:59.360 [main] INFO  org.springframework.web.context.ContextLoader - Root WebApplicationContext: initialization completed in 1608 ms
2022-06-17 01:04:59.665 [main] INFO  com.zaxxer.hikari.HikariDataSource - GuliHikariPool - Starting...
2022-06-17 01:05:00.095 [main] INFO  com.zaxxer.hikari.HikariDataSource - GuliHikariPool - Start completed.
2022-06-17 01:05:06.524 [main] INFO  s.d.s.w.PropertySourcedRequestMappingHandlerMapping - Mapped URL path [/v2/api-docs] onto method [springfox.documentation.swagger2.web.Swagger2Controller#getDocumentation(String, HttpServletRequest)]
2022-06-17 01:05:06.623 [main] INFO  o.s.scheduling.concurrent.ThreadPoolTaskExecutor - Initializing ExecutorService 'applicationTaskExecutor'
2022-06-17 01:05:07.163 [main] INFO  s.d.s.web.plugins.DocumentationPluginsBootstrapper - Context refreshed
2022-06-17 01:05:07.173 [main] INFO  s.d.s.web.plugins.DocumentationPluginsBootstrapper - Found 1 custom documentation plugin(s)
2022-06-17 01:05:07.200 [main] INFO  s.d.spring.web.scanners.ApiListingReferenceScanner - Scanning for api listing references
2022-06-17 01:05:07.478 [main] INFO  org.apache.coyote.http11.Http11NioProtocol - Starting ProtocolHandler ["http-nio-8001"]
2022-06-17 01:05:07.500 [main] INFO  o.s.boot.web.embedded.tomcat.TomcatWebServer - Tomcat started on port(s): 8001 (http) with context path ''
2022-06-17 01:05:07.503 [main] INFO  com.atguigu.eduservice.EduApplication - Started EduApplication in 10.505 seconds (JVM running for 11.262)
2022-06-17 01:05:26.105 [http-nio-8001-exec-1] INFO  o.a.c.core.ContainerBase.[Tomcat].[localhost].[/] - Initializing Spring DispatcherServlet 'dispatcherServlet'
2022-06-17 01:05:26.106 [http-nio-8001-exec-1] INFO  org.springframework.web.servlet.DispatcherServlet - Initializing Servlet 'dispatcherServlet'
2022-06-17 01:05:26.116 [http-nio-8001-exec-1] INFO  org.springframework.web.servlet.DispatcherServlet - Completed initialization in 10 ms
2022-06-17 03:05:45.610 [SpringContextShutdownHook] INFO  o.s.scheduling.concurrent.ThreadPoolTaskExecutor - Shutting down ExecutorService 'applicationTaskExecutor'
2022-06-17 03:05:45.612 [SpringContextShutdownHook] INFO  com.zaxxer.hikari.HikariDataSource - GuliHikariPool - Shutdown initiated...
2022-06-17 03:05:45.615 [SpringContextShutdownHook] INFO  com.zaxxer.hikari.HikariDataSource - GuliHikariPool - Shutdown completed.
2022-06-17 12:56:41.459 [main] INFO  com.atguigu.eduservice.EduApplication - Starting EduApplication on DESKTOP-PS19M4M with PID 17624 (started by LuoKai in D:\Java\项目\谷粒学苑\myCode)
2022-06-17 12:56:41.463 [main] INFO  com.atguigu.eduservice.EduApplication - The following profiles are active: dev
2022-06-17 12:56:43.256 [main] INFO  o.s.d.r.config.RepositoryConfigurationDelegate - Multiple Spring Data modules found, entering strict repository configuration mode!
2022-06-17 12:56:43.269 [main] INFO  o.s.d.r.config.RepositoryConfigurationDelegate - Bootstrapping Spring Data repositories in DEFAULT mode.
2022-06-17 12:56:43.311 [main] INFO  o.s.d.r.config.RepositoryConfigurationDelegate - Finished Spring Data repository scanning in 22ms. Found 0 repository interfaces.
2022-06-17 12:56:43.673 [main] INFO  o.s.c.s.PostProcessorRegistrationDelegate$BeanPostProcessorChecker - Bean 'org.springframework.transaction.annotation.ProxyTransactionManagementConfiguration' of type [org.springframework.transaction.annotation.ProxyTransactionManagementConfiguration] is not eligible for getting processed by all BeanPostProcessors (for example: not eligible for auto-proxying)
2022-06-17 12:56:44.035 [main] INFO  o.s.boot.web.embedded.tomcat.TomcatWebServer - Tomcat initialized with port(s): 8001 (http)
2022-06-17 12:56:44.044 [main] INFO  org.apache.coyote.http11.Http11NioProtocol - Initializing ProtocolHandler ["http-nio-8001"]
2022-06-17 12:56:44.044 [main] INFO  org.apache.catalina.core.StandardService - Starting service [Tomcat]
2022-06-17 12:56:44.044 [main] INFO  org.apache.catalina.core.StandardEngine - Starting Servlet engine: [Apache Tomcat/9.0.27]
2022-06-17 12:56:44.156 [main] INFO  o.a.c.core.ContainerBase.[Tomcat].[localhost].[/] - Initializing Spring embedded WebApplicationContext
2022-06-17 12:56:44.156 [main] INFO  org.springframework.web.context.ContextLoader - Root WebApplicationContext: initialization completed in 2627 ms
2022-06-17 12:56:44.485 [main] INFO  com.zaxxer.hikari.HikariDataSource - GuliHikariPool - Starting...
2022-06-17 12:56:44.911 [main] INFO  com.zaxxer.hikari.HikariDataSource - GuliHikariPool - Start completed.
2022-06-17 12:56:45.683 [main] INFO  s.d.s.w.PropertySourcedRequestMappingHandlerMapping - Mapped URL path [/v2/api-docs] onto method [springfox.documentation.swagger2.web.Swagger2Controller#getDocumentation(String, HttpServletRequest)]
2022-06-17 12:56:45.879 [main] INFO  o.s.scheduling.concurrent.ThreadPoolTaskExecutor - Initializing ExecutorService 'applicationTaskExecutor'
2022-06-17 12:56:46.581 [main] INFO  s.d.s.web.plugins.DocumentationPluginsBootstrapper - Context refreshed
2022-06-17 12:56:46.595 [main] INFO  s.d.s.web.plugins.DocumentationPluginsBootstrapper - Found 1 custom documentation plugin(s)
2022-06-17 12:56:46.639 [main] INFO  s.d.spring.web.scanners.ApiListingReferenceScanner - Scanning for api listing references
2022-06-17 12:56:46.925 [main] INFO  org.apache.coyote.http11.Http11NioProtocol - Starting ProtocolHandler ["http-nio-8001"]
2022-06-17 12:56:46.962 [main] INFO  o.s.boot.web.embedded.tomcat.TomcatWebServer - Tomcat started on port(s): 8001 (http) with context path ''
2022-06-17 12:56:46.965 [main] INFO  com.atguigu.eduservice.EduApplication - Started EduApplication in 6.355 seconds (JVM running for 9.003)
2022-06-17 13:23:54.507 [http-nio-8001-exec-1] INFO  o.a.c.core.ContainerBase.[Tomcat].[localhost].[/] - Initializing Spring DispatcherServlet 'dispatcherServlet'
2022-06-17 13:23:54.507 [http-nio-8001-exec-1] INFO  org.springframework.web.servlet.DispatcherServlet - Initializing Servlet 'dispatcherServlet'
2022-06-17 13:23:54.515 [http-nio-8001-exec-1] INFO  org.springframework.web.servlet.DispatcherServlet - Completed initialization in 7 ms
2022-06-17 21:36:06.126 [SpringContextShutdownHook] INFO  o.s.scheduling.concurrent.ThreadPoolTaskExecutor - Shutting down ExecutorService 'applicationTaskExecutor'
2022-06-17 21:36:06.132 [SpringContextShutdownHook] INFO  com.zaxxer.hikari.HikariDataSource - GuliHikariPool - Shutdown initiated...
2022-06-17 21:36:06.136 [SpringContextShutdownHook] INFO  com.zaxxer.hikari.HikariDataSource - GuliHikariPool - Shutdown completed.
2022-06-17 21:36:14.846 [main] INFO  com.atguigu.eduservice.EduApplication - Starting EduApplication on DESKTOP-PS19M4M with PID 29556 (started by LuoKai in D:\Java\项目\谷粒学苑\myCode)
2022-06-17 21:36:14.850 [main] INFO  com.atguigu.eduservice.EduApplication - The following profiles are active: dev
2022-06-17 21:36:16.049 [main] INFO  o.s.d.r.config.RepositoryConfigurationDelegate - Multiple Spring Data modules found, entering strict repository configuration mode!
2022-06-17 21:36:16.051 [main] INFO  o.s.d.r.config.RepositoryConfigurationDelegate - Bootstrapping Spring Data repositories in DEFAULT mode.
2022-06-17 21:36:16.081 [main] INFO  o.s.d.r.config.RepositoryConfigurationDelegate - Finished Spring Data repository scanning in 17ms. Found 0 repository interfaces.
2022-06-17 21:36:16.345 [main] INFO  o.s.c.s.PostProcessorRegistrationDelegate$BeanPostProcessorChecker - Bean 'org.springframework.transaction.annotation.ProxyTransactionManagementConfiguration' of type [org.springframework.transaction.annotation.ProxyTransactionManagementConfiguration] is not eligible for getting processed by all BeanPostProcessors (for example: not eligible for auto-proxying)
2022-06-17 21:36:16.618 [main] INFO  o.s.boot.web.embedded.tomcat.TomcatWebServer - Tomcat initialized with port(s): 8001 (http)
2022-06-17 21:36:16.627 [main] INFO  org.apache.coyote.http11.Http11NioProtocol - Initializing ProtocolHandler ["http-nio-8001"]
2022-06-17 21:36:16.628 [main] INFO  org.apache.catalina.core.StandardService - Starting service [Tomcat]
2022-06-17 21:36:16.628 [main] INFO  org.apache.catalina.core.StandardEngine - Starting Servlet engine: [Apache Tomcat/9.0.27]
2022-06-17 21:36:16.764 [main] INFO  o.a.c.core.ContainerBase.[Tomcat].[localhost].[/] - Initializing Spring embedded WebApplicationContext
2022-06-17 21:36:16.764 [main] INFO  org.springframework.web.context.ContextLoader - Root WebApplicationContext: initialization completed in 1883 ms
2022-06-17 21:36:16.993 [main] INFO  com.zaxxer.hikari.HikariDataSource - GuliHikariPool - Starting...
2022-06-17 21:36:17.428 [main] INFO  com.zaxxer.hikari.HikariDataSource - GuliHikariPool - Start completed.
2022-06-17 21:36:17.981 [main] INFO  s.d.s.w.PropertySourcedRequestMappingHandlerMapping - Mapped URL path [/v2/api-docs] onto method [springfox.documentation.swagger2.web.Swagger2Controller#getDocumentation(String, HttpServletRequest)]
2022-06-17 21:36:18.068 [main] INFO  o.s.scheduling.concurrent.ThreadPoolTaskExecutor - Initializing ExecutorService 'applicationTaskExecutor'
2022-06-17 21:36:18.506 [main] INFO  s.d.s.web.plugins.DocumentationPluginsBootstrapper - Context refreshed
2022-06-17 21:36:18.518 [main] INFO  s.d.s.web.plugins.DocumentationPluginsBootstrapper - Found 1 custom documentation plugin(s)
2022-06-17 21:36:18.557 [main] INFO  s.d.spring.web.scanners.ApiListingReferenceScanner - Scanning for api listing references
2022-06-17 21:36:18.797 [main] INFO  org.apache.coyote.http11.Http11NioProtocol - Starting ProtocolHandler ["http-nio-8001"]
2022-06-17 21:36:18.817 [main] INFO  o.s.boot.web.embedded.tomcat.TomcatWebServer - Tomcat started on port(s): 8001 (http) with context path ''
2022-06-17 21:36:18.819 [main] INFO  com.atguigu.eduservice.EduApplication - Started EduApplication in 4.563 seconds (JVM running for 5.315)
2022-06-17 21:36:27.950 [http-nio-8001-exec-1] INFO  o.a.c.core.ContainerBase.[Tomcat].[localhost].[/] - Initializing Spring DispatcherServlet 'dispatcherServlet'
2022-06-17 21:36:27.951 [http-nio-8001-exec-1] INFO  org.springframework.web.servlet.DispatcherServlet - Initializing Servlet 'dispatcherServlet'
2022-06-17 21:36:27.957 [http-nio-8001-exec-1] INFO  org.springframework.web.servlet.DispatcherServlet - Completed initialization in 6 ms
2022-06-17 23:22:49.925 [SpringContextShutdownHook] INFO  o.s.scheduling.concurrent.ThreadPoolTaskExecutor - Shutting down ExecutorService 'applicationTaskExecutor'
2022-06-17 23:22:49.971 [SpringContextShutdownHook] INFO  com.zaxxer.hikari.HikariDataSource - GuliHikariPool - Shutdown initiated...
2022-06-17 23:22:49.975 [SpringContextShutdownHook] INFO  com.zaxxer.hikari.HikariDataSource - GuliHikariPool - Shutdown completed.
2022-06-17 23:23:04.156 [main] INFO  com.atguigu.eduservice.EduApplication - Starting EduApplication on DESKTOP-PS19M4M with PID 32392 (started by LuoKai in D:\Java\项目\谷粒学苑\myCode)
2022-06-17 23:23:04.162 [main] INFO  com.atguigu.eduservice.EduApplication - The following profiles are active: dev
2022-06-17 23:23:05.246 [main] INFO  o.s.d.r.config.RepositoryConfigurationDelegate - Multiple Spring Data modules found, entering strict repository configuration mode!
2022-06-17 23:23:05.249 [main] INFO  o.s.d.r.config.RepositoryConfigurationDelegate - Bootstrapping Spring Data repositories in DEFAULT mode.
2022-06-17 23:23:05.288 [main] INFO  o.s.d.r.config.RepositoryConfigurationDelegate - Finished Spring Data repository scanning in 16ms. Found 0 repository interfaces.
2022-06-17 23:23:05.602 [main] INFO  o.s.c.s.PostProcessorRegistrationDelegate$BeanPostProcessorChecker - Bean 'org.springframework.transaction.annotation.ProxyTransactionManagementConfiguration' of type [org.springframework.transaction.annotation.ProxyTransactionManagementConfiguration] is not eligible for getting processed by all BeanPostProcessors (for example: not eligible for auto-proxying)
2022-06-17 23:23:06.091 [main] INFO  o.s.boot.web.embedded.tomcat.TomcatWebServer - Tomcat initialized with port(s): 8001 (http)
2022-06-17 23:23:06.109 [main] INFO  org.apache.coyote.http11.Http11NioProtocol - Initializing ProtocolHandler ["http-nio-8001"]
2022-06-17 23:23:06.110 [main] INFO  org.apache.catalina.core.StandardService - Starting service [Tomcat]
2022-06-17 23:23:06.111 [main] INFO  org.apache.catalina.core.StandardEngine - Starting Servlet engine: [Apache Tomcat/9.0.27]
2022-06-17 23:23:06.288 [main] INFO  o.a.c.core.ContainerBase.[Tomcat].[localhost].[/] - Initializing Spring embedded WebApplicationContext
2022-06-17 23:23:06.288 [main] INFO  org.springframework.web.context.ContextLoader - Root WebApplicationContext: initialization completed in 2081 ms
2022-06-17 23:23:06.424 [main] INFO  org.apache.catalina.core.StandardService - Stopping service [Tomcat]
2022-06-17 23:23:06.446 [main] INFO  o.s.b.a.l.ConditionEvaluationReportLoggingListener - 

Error starting ApplicationContext. To display the conditions report re-run your application with 'debug' enabled.
2022-06-17 23:25:31.419 [main] INFO  com.atguigu.eduservice.EduApplication - Starting EduApplication on DESKTOP-PS19M4M with PID 31600 (started by LuoKai in D:\Java\项目\谷粒学苑\myCode)
2022-06-17 23:25:31.422 [main] INFO  com.atguigu.eduservice.EduApplication - The following profiles are active: dev
2022-06-17 23:25:32.279 [main] INFO  o.s.d.r.config.RepositoryConfigurationDelegate - Multiple Spring Data modules found, entering strict repository configuration mode!
2022-06-17 23:25:32.282 [main] INFO  o.s.d.r.config.RepositoryConfigurationDelegate - Bootstrapping Spring Data repositories in DEFAULT mode.
2022-06-17 23:25:32.309 [main] INFO  o.s.d.r.config.RepositoryConfigurationDelegate - Finished Spring Data repository scanning in 13ms. Found 0 repository interfaces.
2022-06-17 23:25:32.551 [main] INFO  o.s.c.s.PostProcessorRegistrationDelegate$BeanPostProcessorChecker - Bean 'org.springframework.transaction.annotation.ProxyTransactionManagementConfiguration' of type [org.springframework.transaction.annotation.ProxyTransactionManagementConfiguration] is not eligible for getting processed by all BeanPostProcessors (for example: not eligible for auto-proxying)
2022-06-17 23:25:32.797 [main] INFO  o.s.boot.web.embedded.tomcat.TomcatWebServer - Tomcat initialized with port(s): 8001 (http)
2022-06-17 23:25:32.806 [main] INFO  org.apache.coyote.http11.Http11NioProtocol - Initializing ProtocolHandler ["http-nio-8001"]
2022-06-17 23:25:32.807 [main] INFO  org.apache.catalina.core.StandardService - Starting service [Tomcat]
2022-06-17 23:25:32.807 [main] INFO  org.apache.catalina.core.StandardEngine - Starting Servlet engine: [Apache Tomcat/9.0.27]
2022-06-17 23:25:32.919 [main] INFO  o.a.c.core.ContainerBase.[Tomcat].[localhost].[/] - Initializing Spring embedded WebApplicationContext
2022-06-17 23:25:32.919 [main] INFO  org.springframework.web.context.ContextLoader - Root WebApplicationContext: initialization completed in 1427 ms
2022-06-17 23:25:32.984 [main] INFO  org.apache.catalina.core.StandardService - Stopping service [Tomcat]
2022-06-17 23:25:32.998 [main] INFO  o.s.b.a.l.ConditionEvaluationReportLoggingListener - 

Error starting ApplicationContext. To display the conditions report re-run your application with 'debug' enabled.
2022-06-17 23:33:06.121 [main] INFO  com.atguigu.eduservice.EduApplication - Starting EduApplication on DESKTOP-PS19M4M with PID 30504 (started by LuoKai in D:\Java\项目\谷粒学苑\myCode)
2022-06-17 23:33:06.125 [main] INFO  com.atguigu.eduservice.EduApplication - The following profiles are active: dev
2022-06-17 23:33:06.977 [main] INFO  o.s.d.r.config.RepositoryConfigurationDelegate - Multiple Spring Data modules found, entering strict repository configuration mode!
2022-06-17 23:33:06.979 [main] INFO  o.s.d.r.config.RepositoryConfigurationDelegate - Bootstrapping Spring Data repositories in DEFAULT mode.
2022-06-17 23:33:07.004 [main] INFO  o.s.d.r.config.RepositoryConfigurationDelegate - Finished Spring Data repository scanning in 13ms. Found 0 repository interfaces.
2022-06-17 23:33:07.241 [main] INFO  o.s.c.s.PostProcessorRegistrationDelegate$BeanPostProcessorChecker - Bean 'org.springframework.transaction.annotation.ProxyTransactionManagementConfiguration' of type [org.springframework.transaction.annotation.ProxyTransactionManagementConfiguration] is not eligible for getting processed by all BeanPostProcessors (for example: not eligible for auto-proxying)
2022-06-17 23:33:07.477 [main] INFO  o.s.boot.web.embedded.tomcat.TomcatWebServer - Tomcat initialized with port(s): 8001 (http)
2022-06-17 23:33:07.486 [main] INFO  org.apache.coyote.http11.Http11NioProtocol - Initializing ProtocolHandler ["http-nio-8001"]
2022-06-17 23:33:07.487 [main] INFO  org.apache.catalina.core.StandardService - Starting service [Tomcat]
2022-06-17 23:33:07.487 [main] INFO  org.apache.catalina.core.StandardEngine - Starting Servlet engine: [Apache Tomcat/9.0.27]
2022-06-17 23:33:07.598 [main] INFO  o.a.c.core.ContainerBase.[Tomcat].[localhost].[/] - Initializing Spring embedded WebApplicationContext
2022-06-17 23:33:07.599 [main] INFO  org.springframework.web.context.ContextLoader - Root WebApplicationContext: initialization completed in 1431 ms
2022-06-17 23:33:07.666 [main] INFO  org.apache.catalina.core.StandardService - Stopping service [Tomcat]
2022-06-17 23:33:07.679 [main] INFO  o.s.b.a.l.ConditionEvaluationReportLoggingListener - 

Error starting ApplicationContext. To display the conditions report re-run your application with 'debug' enabled.
2022-06-17 23:35:22.379 [main] INFO  com.atguigu.eduservice.EduApplication - Starting EduApplication on DESKTOP-PS19M4M with PID 32712 (started by LuoKai in D:\Java\项目\谷粒学苑\myCode)
2022-06-17 23:35:22.384 [main] INFO  com.atguigu.eduservice.EduApplication - The following profiles are active: dev
2022-06-17 23:35:23.205 [main] INFO  o.s.d.r.config.RepositoryConfigurationDelegate - Multiple Spring Data modules found, entering strict repository configuration mode!
2022-06-17 23:35:23.207 [main] INFO  o.s.d.r.config.RepositoryConfigurationDelegate - Bootstrapping Spring Data repositories in DEFAULT mode.
2022-06-17 23:35:23.233 [main] INFO  o.s.d.r.config.RepositoryConfigurationDelegate - Finished Spring Data repository scanning in 13ms. Found 0 repository interfaces.
2022-06-17 23:35:23.465 [main] INFO  o.s.c.s.PostProcessorRegistrationDelegate$BeanPostProcessorChecker - Bean 'org.springframework.transaction.annotation.ProxyTransactionManagementConfiguration' of type [org.springframework.transaction.annotation.ProxyTransactionManagementConfiguration] is not eligible for getting processed by all BeanPostProcessors (for example: not eligible for auto-proxying)
2022-06-17 23:35:23.697 [main] INFO  o.s.boot.web.embedded.tomcat.TomcatWebServer - Tomcat initialized with port(s): 8001 (http)
2022-06-17 23:35:23.706 [main] INFO  org.apache.coyote.http11.Http11NioProtocol - Initializing ProtocolHandler ["http-nio-8001"]
2022-06-17 23:35:23.707 [main] INFO  org.apache.catalina.core.StandardService - Starting service [Tomcat]
2022-06-17 23:35:23.707 [main] INFO  org.apache.catalina.core.StandardEngine - Starting Servlet engine: [Apache Tomcat/9.0.27]
2022-06-17 23:35:23.830 [main] INFO  o.a.c.core.ContainerBase.[Tomcat].[localhost].[/] - Initializing Spring embedded WebApplicationContext
2022-06-17 23:35:23.830 [main] INFO  org.springframework.web.context.ContextLoader - Root WebApplicationContext: initialization completed in 1403 ms
2022-06-17 23:35:23.898 [main] INFO  org.apache.catalina.core.StandardService - Stopping service [Tomcat]
2022-06-17 23:35:23.911 [main] INFO  o.s.b.a.l.ConditionEvaluationReportLoggingListener - 

Error starting ApplicationContext. To display the conditions report re-run your application with 'debug' enabled.
2022-06-17 23:38:26.814 [main] INFO  com.atguigu.eduservice.EduApplication - Starting EduApplication on DESKTOP-PS19M4M with PID 13384 (started by LuoKai in D:\Java\项目\谷粒学苑\myCode)
2022-06-17 23:38:26.817 [main] INFO  com.atguigu.eduservice.EduApplication - The following profiles are active: dev
2022-06-17 23:38:27.684 [main] INFO  o.s.d.r.config.RepositoryConfigurationDelegate - Multiple Spring Data modules found, entering strict repository configuration mode!
2022-06-17 23:38:27.686 [main] INFO  o.s.d.r.config.RepositoryConfigurationDelegate - Bootstrapping Spring Data repositories in DEFAULT mode.
2022-06-17 23:38:27.714 [main] INFO  o.s.d.r.config.RepositoryConfigurationDelegate - Finished Spring Data repository scanning in 14ms. Found 0 repository interfaces.
2022-06-17 23:38:27.971 [main] INFO  o.s.c.s.PostProcessorRegistrationDelegate$BeanPostProcessorChecker - Bean 'org.springframework.transaction.annotation.ProxyTransactionManagementConfiguration' of type [org.springframework.transaction.annotation.ProxyTransactionManagementConfiguration] is not eligible for getting processed by all BeanPostProcessors (for example: not eligible for auto-proxying)
2022-06-17 23:38:28.214 [main] INFO  o.s.boot.web.embedded.tomcat.TomcatWebServer - Tomcat initialized with port(s): 8001 (http)
2022-06-17 23:38:28.224 [main] INFO  org.apache.coyote.http11.Http11NioProtocol - Initializing ProtocolHandler ["http-nio-8001"]
2022-06-17 23:38:28.226 [main] INFO  org.apache.catalina.core.StandardService - Starting service [Tomcat]
2022-06-17 23:38:28.226 [main] INFO  org.apache.catalina.core.StandardEngine - Starting Servlet engine: [Apache Tomcat/9.0.27]
2022-06-17 23:38:28.352 [main] INFO  o.a.c.core.ContainerBase.[Tomcat].[localhost].[/] - Initializing Spring embedded WebApplicationContext
2022-06-17 23:38:28.352 [main] INFO  org.springframework.web.context.ContextLoader - Root WebApplicationContext: initialization completed in 1494 ms
2022-06-17 23:38:28.425 [main] INFO  org.apache.catalina.core.StandardService - Stopping service [Tomcat]
2022-06-17 23:38:28.438 [main] INFO  o.s.b.a.l.ConditionEvaluationReportLoggingListener - 

Error starting ApplicationContext. To display the conditions report re-run your application with 'debug' enabled.
2022-06-17 23:38:39.108 [main] INFO  com.atguigu.eduservice.EduApplication - Starting EduApplication on DESKTOP-PS19M4M with PID 27008 (started by LuoKai in D:\Java\项目\谷粒学苑\myCode)
2022-06-17 23:38:39.112 [main] INFO  com.atguigu.eduservice.EduApplication - The following profiles are active: dev
2022-06-17 23:38:40.030 [main] INFO  o.s.d.r.config.RepositoryConfigurationDelegate - Multiple Spring Data modules found, entering strict repository configuration mode!
2022-06-17 23:38:40.034 [main] INFO  o.s.d.r.config.RepositoryConfigurationDelegate - Bootstrapping Spring Data repositories in DEFAULT mode.
2022-06-17 23:38:40.060 [main] INFO  o.s.d.r.config.RepositoryConfigurationDelegate - Finished Spring Data repository scanning in 13ms. Found 0 repository interfaces.
2022-06-17 23:38:40.312 [main] INFO  o.s.c.s.PostProcessorRegistrationDelegate$BeanPostProcessorChecker - Bean 'org.springframework.transaction.annotation.ProxyTransactionManagementConfiguration' of type [org.springframework.transaction.annotation.ProxyTransactionManagementConfiguration] is not eligible for getting processed by all BeanPostProcessors (for example: not eligible for auto-proxying)
2022-06-17 23:38:40.563 [main] INFO  o.s.boot.web.embedded.tomcat.TomcatWebServer - Tomcat initialized with port(s): 8001 (http)
2022-06-17 23:38:40.573 [main] INFO  org.apache.coyote.http11.Http11NioProtocol - Initializing ProtocolHandler ["http-nio-8001"]
2022-06-17 23:38:40.573 [main] INFO  org.apache.catalina.core.StandardService - Starting service [Tomcat]
2022-06-17 23:38:40.573 [main] INFO  org.apache.catalina.core.StandardEngine - Starting Servlet engine: [Apache Tomcat/9.0.27]
2022-06-17 23:38:40.700 [main] INFO  o.a.c.core.ContainerBase.[Tomcat].[localhost].[/] - Initializing Spring embedded WebApplicationContext
2022-06-17 23:38:40.701 [main] INFO  org.springframework.web.context.ContextLoader - Root WebApplicationContext: initialization completed in 1538 ms
2022-06-17 23:38:40.775 [main] INFO  org.apache.catalina.core.StandardService - Stopping service [Tomcat]
2022-06-17 23:38:40.796 [main] INFO  o.s.b.a.l.ConditionEvaluationReportLoggingListener - 

Error starting ApplicationContext. To display the conditions report re-run your application with 'debug' enabled.
2022-06-17 23:45:34.009 [main] INFO  com.atguigu.eduservice.EduApplication - Starting EduApplication on DESKTOP-PS19M4M with PID 30664 (started by LuoKai in D:\Java\项目\谷粒学苑\myCode)
2022-06-17 23:45:34.012 [main] INFO  com.atguigu.eduservice.EduApplication - The following profiles are active: dev
2022-06-17 23:45:34.854 [main] INFO  o.s.d.r.config.RepositoryConfigurationDelegate - Multiple Spring Data modules found, entering strict repository configuration mode!
2022-06-17 23:45:34.857 [main] INFO  o.s.d.r.config.RepositoryConfigurationDelegate - Bootstrapping Spring Data repositories in DEFAULT mode.
2022-06-17 23:45:34.882 [main] INFO  o.s.d.r.config.RepositoryConfigurationDelegate - Finished Spring Data repository scanning in 11ms. Found 0 repository interfaces.
2022-06-17 23:45:35.146 [main] INFO  o.s.c.s.PostProcessorRegistrationDelegate$BeanPostProcessorChecker - Bean 'org.springframework.transaction.annotation.ProxyTransactionManagementConfiguration' of type [org.springframework.transaction.annotation.ProxyTransactionManagementConfiguration] is not eligible for getting processed by all BeanPostProcessors (for example: not eligible for auto-proxying)
2022-06-17 23:45:35.386 [main] INFO  o.s.boot.web.embedded.tomcat.TomcatWebServer - Tomcat initialized with port(s): 8001 (http)
2022-06-17 23:45:35.395 [main] INFO  org.apache.coyote.http11.Http11NioProtocol - Initializing ProtocolHandler ["http-nio-8001"]
2022-06-17 23:45:35.396 [main] INFO  org.apache.catalina.core.StandardService - Starting service [Tomcat]
2022-06-17 23:45:35.396 [main] INFO  org.apache.catalina.core.StandardEngine - Starting Servlet engine: [Apache Tomcat/9.0.27]
2022-06-17 23:45:35.522 [main] INFO  o.a.c.core.ContainerBase.[Tomcat].[localhost].[/] - Initializing Spring embedded WebApplicationContext
2022-06-17 23:45:35.522 [main] INFO  org.springframework.web.context.ContextLoader - Root WebApplicationContext: initialization completed in 1464 ms
2022-06-17 23:45:35.747 [main] INFO  com.zaxxer.hikari.HikariDataSource - GuliHikariPool - Starting...
2022-06-17 23:45:36.147 [main] INFO  com.zaxxer.hikari.HikariDataSource - GuliHikariPool - Start completed.
2022-06-17 23:45:36.721 [main] INFO  s.d.s.w.PropertySourcedRequestMappingHandlerMapping - Mapped URL path [/v2/api-docs] onto method [springfox.documentation.swagger2.web.Swagger2Controller#getDocumentation(String, HttpServletRequest)]
2022-06-17 23:45:36.814 [main] INFO  o.s.scheduling.concurrent.ThreadPoolTaskExecutor - Initializing ExecutorService 'applicationTaskExecutor'
2022-06-17 23:45:37.247 [main] INFO  s.d.s.web.plugins.DocumentationPluginsBootstrapper - Context refreshed
2022-06-17 23:45:37.259 [main] INFO  s.d.s.web.plugins.DocumentationPluginsBootstrapper - Found 1 custom documentation plugin(s)
2022-06-17 23:45:37.286 [main] INFO  s.d.spring.web.scanners.ApiListingReferenceScanner - Scanning for api listing references
2022-06-17 23:45:37.544 [main] INFO  org.apache.coyote.http11.Http11NioProtocol - Starting ProtocolHandler ["http-nio-8001"]
2022-06-17 23:45:37.564 [main] INFO  o.s.boot.web.embedded.tomcat.TomcatWebServer - Tomcat started on port(s): 8001 (http) with context path ''
2022-06-17 23:45:37.567 [main] INFO  com.atguigu.eduservice.EduApplication - Started EduApplication in 4.299 seconds (JVM running for 5.164)
2022-06-17 23:46:42.346 [http-nio-8001-exec-1] INFO  o.a.c.core.ContainerBase.[Tomcat].[localhost].[/] - Initializing Spring DispatcherServlet 'dispatcherServlet'
2022-06-17 23:46:42.346 [http-nio-8001-exec-1] INFO  org.springframework.web.servlet.DispatcherServlet - Initializing Servlet 'dispatcherServlet'
2022-06-17 23:46:42.380 [http-nio-8001-exec-1] INFO  org.springframework.web.servlet.DispatcherServlet - Completed initialization in 34 ms
